#
# There is insufficient memory for the Java Runtime Environment to continue.
# Native memory allocation (malloc) failed to allocate 33030144 bytes for committing reserved memory.
# Possible reasons:
#   The system is out of physical RAM or swap space
#   In 32 bit mode, the process size limit was hit
# Possible solutions:
#   Reduce memory load on the system
#   Increase physical memory or swap space
#   Check if swap backing store is full
#   Use 64 bit Java on a 64 bit OS
#   Decrease Java heap size (-Xmx/-Xms)
#   Decrease number of Java threads
#   Decrease Java thread stack sizes (-Xss)
#   Set larger code cache with -XX:ReservedCodeCacheSize=
# This output file may be truncated or incomplete.
#
#  Out of Memory Error (os_linux.cpp:2756), pid=7026, tid=139754560546560
#
# JRE version: Java(TM) SE Runtime Environment (7.0_80-b15) (build 1.7.0_80-b15)
# Java VM: Java HotSpot(TM) 64-Bit Server VM (24.80-b11 mixed mode linux-amd64 compressed oops)
# Failed to write core dump. Core dumps have been disabled. To enable core dumping, try "ulimit -c unlimited" before starting Java again
#

---------------  T H R E A D  ---------------

Current thread (0x00007f1b28130800):  VMThread [stack: 0x00007f1b24dfe000,0x00007f1b24eff000] [id=7034]

Stack: [0x00007f1b24dfe000,0x00007f1b24eff000],  sp=0x00007f1b24efd0c0,  free space=1020k
Native frames: (J=compiled Java code, j=interpreted, Vv=VM code, C=native code)
V  [libjvm.so+0x9a320a]  VMError::report_and_die()+0x2ea
V  [libjvm.so+0x498d3b]  report_vm_out_of_memory(char const*, int, unsigned long, char const*)+0x9b
V  [libjvm.so+0x82191e]  os::Linux::commit_memory_impl(char*, unsigned long, bool)+0xfe
V  [libjvm.so+0x821e69]  os::pd_commit_memory(char*, unsigned long, unsigned long, bool)+0x29
V  [libjvm.so+0x81bb6a]  os::commit_memory(char*, unsigned long, unsigned long, bool)+0x2a
V  [libjvm.so+0x88d623]  PSVirtualSpace::expand_by(unsigned long)+0x53
V  [libjvm.so+0x87c849]  PSOldGen::expand_by(unsigned long)+0x49
V  [libjvm.so+0x8865a2]  PSPermGen::compute_new_size(unsigned long)+0x162
V  [libjvm.so+0x885524]  PSParallelCompact::invoke_no_policy(bool)+0x584
V  [libjvm.so+0x88b8cd]  PSScavenge::invoke()+0x1ad
V  [libjvm.so+0x843f40]  ParallelScavengeHeap::failed_mem_allocate(unsigned long)+0x70
V  [libjvm.so+0x9a4a97]  VM_ParallelGCFailedAllocation::doit()+0x97
V  [libjvm.so+0x9abf35]  VM_Operation::evaluate()+0x55
V  [libjvm.so+0x9aa2fa]  VMThread::evaluate_operation(VM_Operation*)+0xba
V  [libjvm.so+0x9aa67e]  VMThread::loop()+0x1ce
V  [libjvm.so+0x9aaaf0]  VMThread::run()+0x70
V  [libjvm.so+0x8238c8]  java_start(Thread*)+0x108

VM_Operation (0x00007f1b1e8dc560): ParallelGCFailedAllocation, mode: safepoint, requested by thread 0x00007f1b2941b000


---------------  P R O C E S S  ---------------

Java Threads: ( => current thread )
  0x00007f1b2941b000 JavaThread "AMQP Connection 127.0.0.1:5672" [_thread_blocked, id=7288, stack(0x00007f1b1e7dd000,0x00007f1b1e8de000)]
  0x00007f1b29419800 JavaThread "pool-13-thread-1" [_thread_blocked, id=7287, stack(0x00007f1b1f1e7000,0x00007f1b1f2e8000)]
  0x00007f1b29418800 JavaThread "AMQP Connection 127.0.0.1:5672" [_thread_in_native, id=7286, stack(0x00007f1b1e5db000,0x00007f1b1e6dc000)]
  0x00007f1b293dc800 JavaThread "pool-11-thread-1" [_thread_blocked, id=7285, stack(0x00007f1b1e8de000,0x00007f1b1e9df000)]
  0x00007f1b293db800 JavaThread "AMQP Connection 127.0.0.1:5672" [_thread_in_native, id=7284, stack(0x00007f1b1e9df000,0x00007f1b1eae0000)]
  0x00007f1aac0d2000 JavaThread "GS-LeaseRenewalManager Task" daemon [_thread_blocked, id=7280, stack(0x00007f1b1eee4000,0x00007f1b1efe5000)]
  0x00007f1b29319000 JavaThread "configurationFileChangeChecker" [_thread_blocked, id=7279, stack(0x00007f1b1f6fa000,0x00007f1b1f7fb000)]
  0x00007f1aac0ca800 JavaThread "GS-LeaseRenewalManager Task" daemon [_thread_blocked, id=7278, stack(0x00007f1b156d7000,0x00007f1b157d8000)]
  0x00007f1b2924c800 JavaThread "GS-JoinManager Task" daemon [_thread_blocked, id=7277, stack(0x00007f1b157d8000,0x00007f1b158d9000)]
  0x00007f1aac0c7000 JavaThread "RMI TCP Connection(2)-127.0.0.1" daemon [_thread_in_native, id=7276, stack(0x00007f1b158d9000,0x00007f1b159da000)]
  0x00007f1aac0c4000 JavaThread "RMI RenewClean-[127.0.1.1:50216]" daemon [_thread_blocked, id=7275, stack(0x00007f1b159da000,0x00007f1b15adb000)]
  0x00007f1b29236000 JavaThread "GC Daemon" daemon [_thread_blocked, id=7274, stack(0x00007f1b15adb000,0x00007f1b15bdc000)]
  0x00007f1b29235000 JavaThread "RMI Reaper" [_thread_blocked, id=7273, stack(0x00007f1b15bdc000,0x00007f1b15cdd000)]
  0x00007f1b2922f000 JavaThread "RMI TCP Accept-0" daemon [_thread_in_native, id=7272, stack(0x00007f1b15cdd000,0x00007f1b15dde000)]
  0x00007f1aac0bd000 JavaThread "GS-LeaseRenewalManager Task" daemon [_thread_blocked, id=7271, stack(0x00007f1b15dde000,0x00007f1b15edf000)]
  0x00007f1aac0ac000 JavaThread "GS-Watchdog" daemon [_thread_blocked, id=7270, stack(0x00007f1b15edf000,0x00007f1b15fe0000)]
  0x00007f1aac083800 JavaThread "GS-LRMI-async-Selector-Thread-3" daemon [_thread_blocked, id=7269, stack(0x00007f1b15fe0000,0x00007f1b160e1000)]
  0x00007f1aac074000 JavaThread "GS-LRMI-async-Selector-Thread-2" daemon [_thread_blocked, id=7268, stack(0x00007f1b160e1000,0x00007f1b161e2000)]
  0x00007f1aac065800 JavaThread "GS-LRMI-async-Selector-Thread-1" daemon [_thread_blocked, id=7267, stack(0x00007f1b161e2000,0x00007f1b162e3000)]
  0x00007f1aac047800 JavaThread "GS-LRMI-async-Selector-Thread-0" daemon [_thread_blocked, id=7266, stack(0x00007f1b162e3000,0x00007f1b163e4000)]
  0x00007f1b28a6a000 JavaThread "GS-TemplateExpirationManager-pool-6-thread-1" daemon [_thread_blocked, id=7265, stack(0x00007f1b163e4000,0x00007f1b164e5000)]
  0x00007f1b28e5e000 JavaThread "GS-Template-Expiration-Manager-Timer" daemon [_thread_blocked, id=7264, stack(0x00007f1b164e5000,0x00007f1b165e6000)]
  0x00007f1b28e5b800 JavaThread "GS-LeaseManager$Reaper [yazinoSpace]" daemon [_thread_blocked, id=7263, stack(0x00007f1b165e6000,0x00007f1b166e7000)]
  0x00007f1b28e58000 JavaThread "GS-Cache-PersistentGC" daemon [_thread_blocked, id=7262, stack(0x00007f1b167e8000,0x00007f1b168e9000)]
  0x00007f1aac02e000 JavaThread "GS-JoinManager Task" daemon [_thread_blocked, id=7261, stack(0x00007f1b166e7000,0x00007f1b167e8000)]
  0x00007f1aac027800 JavaThread "GS-LookupDiscovery Task" daemon [_thread_blocked, id=7259, stack(0x00007f1b168e9000,0x00007f1b169ea000)]
  0x00007f1b2921c800 JavaThread "GS-multicast-announcement-timer" daemon [_thread_blocked, id=7257, stack(0x00007f1b169ea000,0x00007f1b16aeb000)]
  0x00007f1b2921a800 JavaThread "GS-multicast-discovery-announcement-listener" daemon [_thread_in_native, id=7256, stack(0x00007f1b16aeb000,0x00007f1b16bec000)]
  0x00007f1b29218800 JavaThread "GS-multicast-discovery-request" daemon [_thread_blocked, id=7255, stack(0x00007f1b16bec000,0x00007f1b16ced000)]
  0x00007f1b29217000 JavaThread "GS-multicast-discovery-response-listener" daemon [_thread_in_native, id=7254, stack(0x00007f1b16ced000,0x00007f1b16dee000)]
  0x00007f1b2920f800 JavaThread "GS-Notifier-pool-8-thread-1" daemon [_thread_blocked, id=7253, stack(0x00007f1b16dee000,0x00007f1b16eef000)]
  0x00007f1b29209000 JavaThread "GS-[yazinoSpace_container:yazinoSpace] Batch Notifier" [_thread_blocked, id=7252, stack(0x00007f1b16eef000,0x00007f1b16ff0000)]
  0x00007f1b29202000 JavaThread "GS-Statistics-Task" daemon [_thread_blocked, id=7251, stack(0x00007f1b16ff0000,0x00007f1b170f1000)]
  0x00007f1b291ff000 JavaThread "GS-Processor-pool-7-thread-1" daemon [_thread_blocked, id=7250, stack(0x00007f1b170f1000,0x00007f1b171f2000)]
  0x00007f1b291f0800 JavaThread "GS-[yazinoSpace_container:yazinoSpace] BackgroundFifoThread#3_Notify=false" [_thread_blocked, id=7249, stack(0x00007f1b171f2000,0x00007f1b172f3000)]
  0x00007f1b291ee000 JavaThread "GS-[yazinoSpace_container:yazinoSpace] BackgroundFifoThread#2_Notify=false" [_thread_blocked, id=7248, stack(0x00007f1b172f3000,0x00007f1b173f4000)]
  0x00007f1b291ec000 JavaThread "GS-[yazinoSpace_container:yazinoSpace] BackgroundFifoThread#1_Notify=false" [_thread_blocked, id=7247, stack(0x00007f1b173f4000,0x00007f1b174f5000)]
  0x00007f1b291ea000 JavaThread "GS-[yazinoSpace_container:yazinoSpace] BackgroundFifoThread#0_Notify=false" [_thread_blocked, id=7246, stack(0x00007f1b174f5000,0x00007f1b175f6000)]
  0x00007f1b291e6800 JavaThread "GS-[yazinoSpace_container:yazinoSpace] BackgroundFifoThread#3_Notify=true" [_thread_blocked, id=7245, stack(0x00007f1b175f6000,0x00007f1b176f7000)]
  0x00007f1b291e5000 JavaThread "GS-[yazinoSpace_container:yazinoSpace] BackgroundFifoThread#2_Notify=true" [_thread_blocked, id=7244, stack(0x00007f1b176f7000,0x00007f1b177f8000)]
  0x00007f1b291dd000 JavaThread "GS-[yazinoSpace_container:yazinoSpace] BackgroundFifoThread#1_Notify=true" [_thread_blocked, id=7243, stack(0x00007f1b177f8000,0x00007f1b178f9000)]
  0x00007f1b291dc800 JavaThread "GS-[yazinoSpace_container:yazinoSpace] BackgroundFifoThread#0_Notify=true" [_thread_blocked, id=7242, stack(0x00007f1b178f9000,0x00007f1b179fa000)]
  0x00007f1b291cc800 JavaThread "GS-Thread-83" daemon [_thread_blocked, id=7241, stack(0x00007f1b179fa000,0x00007f1b17afb000)]
  0x00007f1b290b8000 JavaThread "RMI Scheduler(0)" daemon [_thread_blocked, id=7239, stack(0x00007f1b17afb000,0x00007f1b17bfc000)]
  0x00007f1aac017000 JavaThread "RMI TCP Connection(1)-127.0.0.1" daemon [_thread_in_native, id=7238, stack(0x00007f1b17bfc000,0x00007f1b17cfd000)]
  0x00007f1aac012800 JavaThread "GS-LookupDiscovery Task" daemon [_thread_blocked, id=7236, stack(0x00007f1b17cfd000,0x00007f1b17dfe000)]
  0x00007f1b290a7000 JavaThread "GS-discovery announcement" daemon [_thread_blocked, id=7235, stack(0x00007f1b17dfe000,0x00007f1b17eff000)]
  0x00007f1b290a5000 JavaThread "GS-multicast request" daemon [_thread_in_native, id=7234, stack(0x00007f1b17eff000,0x00007f1b18000000)]
  0x00007f1b290a3800 JavaThread "GS-unicast request" daemon [_thread_in_native, id=7233, stack(0x00007f1b1c041000,0x00007f1b1c142000)]
  0x00007f1b290a2000 JavaThread "GS-event expire" daemon [_thread_blocked, id=7232, stack(0x00007f1b1c142000,0x00007f1b1c243000)]
  0x00007f1b290a1000 JavaThread "GS-service expire" daemon [_thread_blocked, id=7231, stack(0x00007f1b1c243000,0x00007f1b1c344000)]
  0x00007f1b29087000 JavaThread "GS-LRMI-Selector-Accept-Thread-0" daemon [_thread_blocked, id=7230, stack(0x00007f1b1c344000,0x00007f1b1c445000)]
  0x00007f1b29084800 JavaThread "GS-LRMI-Selector-Write-Thread-3" daemon [_thread_in_native, id=7229, stack(0x00007f1b1c445000,0x00007f1b1c546000)]
  0x00007f1b29075800 JavaThread "GS-LRMI-Selector-Read-Thread-3" daemon [_thread_in_native, id=7228, stack(0x00007f1b1c546000,0x00007f1b1c647000)]
  0x00007f1b29066000 JavaThread "GS-LRMI-Selector-Write-Thread-2" daemon [_thread_in_native, id=7227, stack(0x00007f1b1c647000,0x00007f1b1c748000)]
  0x00007f1b29057000 JavaThread "GS-LRMI-Selector-Read-Thread-2" daemon [_thread_in_native, id=7226, stack(0x00007f1b1c748000,0x00007f1b1c849000)]
  0x00007f1b29048000 JavaThread "GS-LRMI-Selector-Write-Thread-1" daemon [_thread_in_native, id=7225, stack(0x00007f1b1c849000,0x00007f1b1c94a000)]
  0x00007f1b29039800 JavaThread "GS-LRMI-Selector-Read-Thread-1" daemon [_thread_in_native, id=7224, stack(0x00007f1b1c94a000,0x00007f1b1ca4b000)]
  0x00007f1b2900d000 JavaThread "GS-LRMI-Selector-Write-Thread-0" daemon [_thread_in_native, id=7223, stack(0x00007f1b1ca4b000,0x00007f1b1cb4c000)]
  0x00007f1b2900c000 JavaThread "GS-LRMI-Selector-Read-Thread-0" daemon [_thread_in_native, id=7222, stack(0x00007f1b1cb4c000,0x00007f1b1cc4d000)]
  0x00007f1b28ff3000 JavaThread "GS-Reggie Comm Task-pool-5-thread-10" daemon [_thread_blocked, id=7221, stack(0x00007f1b1cc4d000,0x00007f1b1cd4e000)]
  0x00007f1b28ff1000 JavaThread "GS-Reggie Comm Task-pool-5-thread-9" daemon [_thread_blocked, id=7220, stack(0x00007f1b1cd4e000,0x00007f1b1ce4f000)]
  0x00007f1b28fef000 JavaThread "GS-Reggie Comm Task-pool-5-thread-8" daemon [_thread_blocked, id=7219, stack(0x00007f1b1ce4f000,0x00007f1b1cf50000)]
  0x00007f1b28fed000 JavaThread "GS-Reggie Comm Task-pool-5-thread-7" daemon [_thread_blocked, id=7218, stack(0x00007f1b1cf50000,0x00007f1b1d051000)]
  0x00007f1b28fea800 JavaThread "GS-Reggie Comm Task-pool-5-thread-6" daemon [_thread_blocked, id=7217, stack(0x00007f1b1d051000,0x00007f1b1d152000)]
  0x00007f1b28fe8800 JavaThread "GS-Reggie Comm Task-pool-5-thread-5" daemon [_thread_blocked, id=7216, stack(0x00007f1b1d152000,0x00007f1b1d253000)]
  0x00007f1b28fe6800 JavaThread "GS-Reggie Comm Task-pool-5-thread-4" daemon [_thread_blocked, id=7215, stack(0x00007f1b1d253000,0x00007f1b1d354000)]
  0x00007f1b28fe4800 JavaThread "GS-Reggie Comm Task-pool-5-thread-3" daemon [_thread_blocked, id=7214, stack(0x00007f1b1d354000,0x00007f1b1d455000)]
  0x00007f1b28fe2800 JavaThread "GS-Reggie Comm Task-pool-5-thread-2" daemon [_thread_blocked, id=7213, stack(0x00007f1b1d455000,0x00007f1b1d556000)]
  0x00007f1b28fd5000 JavaThread "GS-Reggie Comm Task-pool-5-thread-1" daemon [_thread_blocked, id=7212, stack(0x00007f1b1d556000,0x00007f1b1d657000)]
  0x00007f1b28fcd000 JavaThread "GS-multicast-announcement-timer" daemon [_thread_blocked, id=7211, stack(0x00007f1b1d657000,0x00007f1b1d758000)]
  0x00007f1b28fcc800 JavaThread "GS-multicast-discovery-announcement-listener" daemon [_thread_in_native, id=7210, stack(0x00007f1b1d758000,0x00007f1b1d859000)]
  0x00007f1b28f4b800 JavaThread "GS-Webster Runner" daemon [_thread_in_native, id=7207, stack(0x00007f1b1d859000,0x00007f1b1d95a000)]
  0x00007f1b28f83000 JavaThread "RMI TCP Accept-10098" daemon [_thread_in_native, id=7205, stack(0x00007f1b1d95a000,0x00007f1b1da5b000)]
  0x00007f1b28f63000 JavaThread "GS-LRMI Space Task Pool-pool-4-thread-1" daemon [_thread_blocked, id=7204, stack(0x00007f1b1da5b000,0x00007f1b1db5c000)]
  0x00007f1b28f62800 JavaThread "GS-LRMI Monitoring Pool-pool-3-thread-1" daemon [_thread_blocked, id=7203, stack(0x00007f1b1e6dc000,0x00007f1b1e7dd000)]
  0x00007f1b28f61800 JavaThread "GS-LRMI Liveness Pool-pool-2-thread-1" daemon [_thread_blocked, id=7202, stack(0x00007f1b1f3e9000,0x00007f1b1f4ea000)]
  0x00007f1b28f5e000 JavaThread "GS-LRMI Connection-pool-1-thread-1" daemon [_thread_blocked, id=7201, stack(0x00007f1b1f0e6000,0x00007f1b1f1e7000)]
  0x00007f1b28f58800 JavaThread "GS-ClassLoaderCache-SelfCleaningTable$Cleaner" daemon [_thread_blocked, id=7200, stack(0x00007f1b1f2e8000,0x00007f1b1f3e9000)]
  0x00007f1b28de9000 JavaThread "net.sf.ehcache.CacheManager@d104f63" daemon [_thread_blocked, id=7198, stack(0x00007f1b1dfd5000,0x00007f1b1e0d6000)]
  0x00007f1b289a4800 JavaThread "configurationFileChangeChecker" [_thread_blocked, id=7185, stack(0x00007f1b1e0d6000,0x00007f1b1e1d7000)]
  0x00007f1b28cf5800 JavaThread "configurationFileChangeChecker" [_thread_blocked, id=7175, stack(0x00007f1b1e1d7000,0x00007f1b1e2d8000)]
  0x00007f1b2872c800 JavaThread "configurationFileChangeChecker" [_thread_blocked, id=7165, stack(0x00007f1b1e2d8000,0x00007f1b1e3d9000)]
  0x00007f1b281f4800 JavaThread "configurationFileChangeChecker" [_thread_blocked, id=7156, stack(0x00007f1b1e3d9000,0x00007f1b1e4da000)]
  0x00007f1b281f3000 JavaThread "configurationFileChangeChecker" [_thread_blocked, id=7146, stack(0x00007f1b1e4da000,0x00007f1b1e5db000)]
  0x00007f1ad8058000 JavaThread "Abandoned connection cleanup thread" daemon [_thread_blocked, id=7047, stack(0x00007f1b1efe5000,0x00007f1b1f0e6000)]
  0x00007f1b2815f800 JavaThread "Service Thread" daemon [_thread_blocked, id=7040, stack(0x00007f1b24116000,0x00007f1b24217000)]
  0x00007f1b2815d800 JavaThread "C2 CompilerThread1" daemon [_thread_blocked, id=7039, stack(0x00007f1b24217000,0x00007f1b24318000)]
  0x00007f1b2815a800 JavaThread "C2 CompilerThread0" daemon [_thread_blocked, id=7038, stack(0x00007f1b24318000,0x00007f1b24419000)]
  0x00007f1b28158000 JavaThread "Signal Dispatcher" daemon [_thread_blocked, id=7037, stack(0x00007f1b24419000,0x00007f1b2451a000)]
  0x00007f1b28137000 JavaThread "Finalizer" daemon [_thread_blocked, id=7036, stack(0x00007f1b24bfc000,0x00007f1b24cfd000)]
  0x00007f1b28135000 JavaThread "Reference Handler" daemon [_thread_blocked, id=7035, stack(0x00007f1b24cfd000,0x00007f1b24dfe000)]
  0x00007f1b2800a000 JavaThread "main" [_thread_blocked, id=7029, stack(0x00007f1b30eab000,0x00007f1b30fac000)]

Other Threads:
=>0x00007f1b28130800 VMThread [stack: 0x00007f1b24dfe000,0x00007f1b24eff000] [id=7034]
  0x00007f1b2816a800 WatcherThread [stack: 0x00007f1b24015000,0x00007f1b24116000] [id=7041]

VM state:at safepoint (normal execution)

VM Mutex/Monitor currently owned by a thread:  ([mutex/lock_event])
[0x00007f1b28005b10] ExpandHeap_lock - owner thread: 0x00007f1b28130800
[0x00007f1b28006190] Threads_lock - owner thread: 0x00007f1b28130800
[0x00007f1b28006690] Heap_lock - owner thread: 0x00007f1b2941b000

Heap
 PSYoungGen      total 76800K, used 0K [0x00000000faa80000, 0x0000000100000000, 0x0000000100000000)
  eden space 66048K, 0% used [0x00000000faa80000,0x00000000faa80000,0x00000000feb00000)
  from space 10752K, 0% used [0x00000000feb00000,0x00000000feb00000,0x00000000ff580000)
  to   space 10752K, 0% used [0x00000000ff580000,0x00000000ff580000,0x0000000100000000)
 ParOldGen       total 61952K, used 31584K [0x00000000f0000000, 0x00000000f3c80000, 0x00000000faa80000)
  object space 61952K, 50% used [0x00000000f0000000,0x00000000f1ed83b0,0x00000000f3c80000)
 PSPermGen       total 51712K, used 51304K [0x00000000eae00000, 0x00000000ee080000, 0x00000000f0000000)
  object space 51712K, 99% used [0x00000000eae00000,0x00000000ee01a210,0x00000000ee080000)

Card table byte_map: [0x00007f1b2e0e9000,0x00007f1b2e193000] byte_map_base: 0x00007f1b2d992000

Polling page: 0x00007f1b30fc3000

Code Cache  [0x00007f1b25000000, 0x00007f1b253e0000, 0x00007f1b28000000)
 total_blobs=1573 nmethods=1009 adapters=516 free_code_cache=45528Kb largest_free_block=46270912

Compilation events (10 events):
Event: 39.739 Thread 0x00007f1b2815d800 1205             org.springframework.beans.factory.support.DefaultSingletonBeanRegistry::containsSingleton (11 bytes)
Event: 39.740 Thread 0x00007f1b2815d800 nmethod 1205 0x00007f1b25354850 code [0x00007f1b253549a0, 0x00007f1b25354a48]
Event: 39.740 Thread 0x00007f1b2815d800 1206             java.lang.String::regionMatches (149 bytes)
Event: 39.758 Thread 0x00007f1b2815d800 nmethod 1206 0x00007f1b25100010 code [0x00007f1b251001e0, 0x00007f1b25100a98]
Event: 40.188 Thread 0x00007f1b2815d800 1207             org.springframework.beans.factory.support.AbstractBeanFactory::isTypeMatch (388 bytes)
Event: 40.393 Thread 0x00007f1b2815d800 nmethod 1207 0x00007f1b252a3b10 code [0x00007f1b252a3dc0, 0x00007f1b252a4ce0]
Event: 40.432 Thread 0x00007f1b2815d800 1208             org.springframework.beans.factory.support.AbstractBeanDefinition::getMethodOverrides (5 bytes)
Event: 40.432 Thread 0x00007f1b2815d800 nmethod 1208 0x00007f1b252a21d0 code [0x00007f1b252a2300, 0x00007f1b252a2358]
Event: 40.465 Thread 0x00007f1b2815d800 1209             sun.misc.ProxyGenerator$ConstantPool::getNameAndType (30 bytes)
Event: 40.480 Thread 0x00007f1b2815d800 nmethod 1209 0x00007f1b252a2d90 code [0x00007f1b252a2f60, 0x00007f1b252a33e8]

GC Heap History (10 events):
Event: 25.608 GC heap after
Heap after GC invocations=13 (full 0):
 PSYoungGen      total 76800K, used 3578K [0x00000000faa80000, 0x0000000100000000, 0x0000000100000000)
  eden space 66560K, 0% used [0x00000000faa80000,0x00000000faa80000,0x00000000feb80000)
  from space 10240K, 34% used [0x00000000feb80000,0x00000000feefe828,0x00000000ff580000)
  to   space 10240K, 0% used [0x00000000ff600000,0x00000000ff600000,0x0000000100000000)
 ParOldGen       total 41984K, used 24078K [0x00000000f0000000, 0x00000000f2900000, 0x00000000faa80000)
  object space 41984K, 57% used [0x00000000f0000000,0x00000000f1783b80,0x00000000f2900000)
 PSPermGen       total 33280K, used 33136K [0x00000000eae00000, 0x00000000ece80000, 0x00000000f0000000)
  object space 33280K, 99% used [0x00000000eae00000,0x00000000ece5c3d8,0x00000000ece80000)
}
Event: 28.511 GC heap before
{Heap before GC invocations=14 (full 0):
 PSYoungGen      total 76800K, used 70138K [0x00000000faa80000, 0x0000000100000000, 0x0000000100000000)
  eden space 66560K, 100% used [0x00000000faa80000,0x00000000feb80000,0x00000000feb80000)
  from space 10240K, 34% used [0x00000000feb80000,0x00000000feefe828,0x00000000ff580000)
  to   space 10240K, 0% used [0x00000000ff600000,0x00000000ff600000,0x0000000100000000)
 ParOldGen       total 41984K, used 24078K [0x00000000f0000000, 0x00000000f2900000, 0x00000000faa80000)
  object space 41984K, 57% used [0x00000000f0000000,0x00000000f1783b80,0x00000000f2900000)
 PSPermGen       total 40960K, used 40651K [0x00000000eae00000, 0x00000000ed600000, 0x00000000f0000000)
  object space 40960K, 99% used [0x00000000eae00000,0x00000000ed5b2ed0,0x00000000ed600000)
Event: 28.562 GC heap after
Heap after GC invocations=14 (full 0):
 PSYoungGen      total 77312K, used 5989K [0x00000000faa80000, 0x0000000100000000, 0x0000000100000000)
  eden space 67072K, 0% used [0x00000000faa80000,0x00000000faa80000,0x00000000fec00000)
  from space 10240K, 58% used [0x00000000ff600000,0x00000000ffbd9478,0x0000000100000000)
  to   space 10240K, 0% used [0x00000000fec00000,0x00000000fec00000,0x00000000ff600000)
 ParOldGen       total 41984K, used 25910K [0x00000000f0000000, 0x00000000f2900000, 0x00000000faa80000)
  object space 41984K, 61% used [0x00000000f0000000,0x00000000f194db80,0x00000000f2900000)
 PSPermGen       total 40960K, used 40651K [0x00000000eae00000, 0x00000000ed600000, 0x00000000f0000000)
  object space 40960K, 99% used [0x00000000eae00000,0x00000000ed5b2ed0,0x00000000ed600000)
}
Event: 33.060 GC heap before
{Heap before GC invocations=15 (full 0):
 PSYoungGen      total 77312K, used 73061K [0x00000000faa80000, 0x0000000100000000, 0x0000000100000000)
  eden space 67072K, 100% used [0x00000000faa80000,0x00000000fec00000,0x00000000fec00000)
  from space 10240K, 58% used [0x00000000ff600000,0x00000000ffbd9478,0x0000000100000000)
  to   space 10240K, 0% used [0x00000000fec00000,0x00000000fec00000,0x00000000ff600000)
 ParOldGen       total 41984K, used 25910K [0x00000000f0000000, 0x00000000f2900000, 0x00000000faa80000)
  object space 41984K, 61% used [0x00000000f0000000,0x00000000f194db80,0x00000000f2900000)
 PSPermGen       total 47104K, used 46829K [0x00000000eae00000, 0x00000000edc00000, 0x00000000f0000000)
  object space 47104K, 99% used [0x00000000eae00000,0x00000000edbbb6e0,0x00000000edc00000)
Event: 33.160 GC heap after
Heap after GC invocations=15 (full 0):
 PSYoungGen      total 77312K, used 10010K [0x00000000faa80000, 0x0000000100000000, 0x0000000100000000)
  eden space 67072K, 0% used [0x00000000faa80000,0x00000000faa80000,0x00000000fec00000)
  from space 10240K, 97% used [0x00000000fec00000,0x00000000ff5c6830,0x00000000ff600000)
  to   space 10240K, 0% used [0x00000000ff600000,0x00000000ff600000,0x0000000100000000)
 ParOldGen       total 41984K, used 28027K [0x00000000f0000000, 0x00000000f2900000, 0x00000000faa80000)
  object space 41984K, 66% used [0x00000000f0000000,0x00000000f1b5ef90,0x00000000f2900000)
 PSPermGen       total 47104K, used 46829K [0x00000000eae00000, 0x00000000edc00000, 0x00000000f0000000)
  object space 47104K, 99% used [0x00000000eae00000,0x00000000edbbb6e0,0x00000000edc00000)
}
Event: 36.425 GC heap before
{Heap before GC invocations=16 (full 0):
 PSYoungGen      total 77312K, used 77082K [0x00000000faa80000, 0x0000000100000000, 0x0000000100000000)
  eden space 67072K, 100% used [0x00000000faa80000,0x00000000fec00000,0x00000000fec00000)
  from space 10240K, 97% used [0x00000000fec00000,0x00000000ff5c6830,0x00000000ff600000)
  to   space 10240K, 0% used [0x00000000ff600000,0x00000000ff600000,0x0000000100000000)
 ParOldGen       total 41984K, used 28027K [0x00000000f0000000, 0x00000000f2900000, 0x00000000faa80000)
  object space 41984K, 66% used [0x00000000f0000000,0x00000000f1b5ef90,0x00000000f2900000)
 PSPermGen       total 48640K, used 48218K [0x00000000eae00000, 0x00000000edd80000, 0x00000000f0000000)
  object space 48640K, 99% used [0x00000000eae00000,0x00000000edd16960,0x00000000edd80000)
Event: 36.470 GC heap after
Heap after GC invocations=16 (full 0):
 PSYoungGen      total 76288K, used 4525K [0x00000000faa80000, 0x0000000100000000, 0x0000000100000000)
  eden space 66048K, 0% used [0x00000000faa80000,0x00000000faa80000,0x00000000feb00000)
  from space 10240K, 44% used [0x00000000ff600000,0x00000000ffa6b708,0x0000000100000000)
  to   space 10752K, 0% used [0x00000000feb00000,0x00000000feb00000,0x00000000ff580000)
 ParOldGen       total 41984K, used 34063K [0x00000000f0000000, 0x00000000f2900000, 0x00000000faa80000)
  object space 41984K, 81% used [0x00000000f0000000,0x00000000f2143e38,0x00000000f2900000)
 PSPermGen       total 48640K, used 48218K [0x00000000eae00000, 0x00000000edd80000, 0x00000000f0000000)
  object space 48640K, 99% used [0x00000000eae00000,0x00000000edd16960,0x00000000edd80000)
}
Event: 40.569 GC heap before
{Heap before GC invocations=17 (full 0):
 PSYoungGen      total 76288K, used 70573K [0x00000000faa80000, 0x0000000100000000, 0x0000000100000000)
  eden space 66048K, 100% used [0x00000000faa80000,0x00000000feb00000,0x00000000feb00000)
  from space 10240K, 44% used [0x00000000ff600000,0x00000000ffa6b708,0x0000000100000000)
  to   space 10752K, 0% used [0x00000000feb00000,0x00000000feb00000,0x00000000ff580000)
 ParOldGen       total 41984K, used 34063K [0x00000000f0000000, 0x00000000f2900000, 0x00000000faa80000)
  object space 41984K, 81% used [0x00000000f0000000,0x00000000f2143e38,0x00000000f2900000)
 PSPermGen       total 51712K, used 51328K [0x00000000eae00000, 0x00000000ee080000, 0x00000000f0000000)
  object space 51712K, 99% used [0x00000000eae00000,0x00000000ee0202d8,0x00000000ee080000)
Event: 40.611 GC heap after
Heap after GC invocations=17 (full 0):
 PSYoungGen      total 76800K, used 3696K [0x00000000faa80000, 0x0000000100000000, 0x0000000100000000)
  eden space 66048K, 0% used [0x00000000faa80000,0x00000000faa80000,0x00000000feb00000)
  from space 10752K, 34% used [0x00000000feb00000,0x00000000fee9c2a8,0x00000000ff580000)
  to   space 10752K, 0% used [0x00000000ff580000,0x00000000ff580000,0x0000000100000000)
 ParOldGen       total 41984K, used 37864K [0x00000000f0000000, 0x00000000f2900000, 0x00000000faa80000)
  object space 41984K, 90% used [0x00000000f0000000,0x00000000f24fa2b8,0x00000000f2900000)
 PSPermGen       total 51712K, used 51328K [0x00000000eae00000, 0x00000000ee080000, 0x00000000f0000000)
  object space 51712K, 99% used [0x00000000eae00000,0x00000000ee0202d8,0x00000000ee080000)
}
Event: 40.611 GC heap before
{Heap before GC invocations=18 (full 1):
 PSYoungGen      total 76800K, used 3696K [0x00000000faa80000, 0x0000000100000000, 0x0000000100000000)
  eden space 66048K, 0% used [0x00000000faa80000,0x00000000faa80000,0x00000000feb00000)
  from space 10752K, 34% used [0x00000000feb00000,0x00000000fee9c2a8,0x00000000ff580000)
  to   space 10752K, 0% used [0x00000000ff580000,0x00000000ff580000,0x0000000100000000)
 ParOldGen       total 41984K, used 37864K [0x00000000f0000000, 0x00000000f2900000, 0x00000000faa80000)
  object space 41984K, 90% used [0x00000000f0000000,0x00000000f24fa2b8,0x00000000f2900000)
 PSPermGen       total 51712K, used 51328K [0x00000000eae00000, 0x00000000ee080000, 0x00000000f0000000)
  object space 51712K, 99% used [0x00000000eae00000,0x00000000ee0202d8,0x00000000ee080000)

Deoptimization events (10 events):
Event: 38.459 Thread 0x00007f1b2800a000 Uncommon trap: reason=unstable_if action=reinterpret pc=0x00007f1b2518e51c method=org.springframework.asm.Item.a(Lorg/springframework/asm/Item;)Z @ 251
Event: 38.801 Thread 0x00007f1b2800a000 Uncommon trap: reason=class_check action=maybe_recompile pc=0x00007f1b251fedf8 method=java.io.FilterOutputStream.write([B)V @ 5
Event: 38.828 Thread 0x00007f1b2800a000 Uncommon trap: reason=class_check action=maybe_recompile pc=0x00007f1b251fedf8 method=java.io.FilterOutputStream.write([B)V @ 5
Event: 39.097 Thread 0x00007f1b2800a000 Uncommon trap: reason=class_check action=maybe_recompile pc=0x00007f1b251fedf8 method=java.io.FilterOutputStream.write([B)V @ 5
Event: 39.105 Thread 0x00007f1b2800a000 Uncommon trap: reason=class_check action=maybe_recompile pc=0x00007f1b251fedf8 method=java.io.FilterOutputStream.write([B)V @ 5
Event: 39.105 Thread 0x00007f1b2800a000 Uncommon trap: reason=bimorphic action=maybe_recompile pc=0x00007f1b25140804 method=java.io.DataOutputStream.writeShort(I)V @ 12
Event: 39.200 Thread 0x00007f1b2800a000 Uncommon trap: reason=bimorphic action=maybe_recompile pc=0x00007f1b25140804 method=java.io.DataOutputStream.writeShort(I)V @ 12
Event: 39.202 Thread 0x00007f1b2800a000 Uncommon trap: reason=unstable_if action=reinterpret pc=0x00007f1b251c0580 method=java.lang.StringCoding$StringEncoder.encode([CII)[B @ 20
Event: 39.203 Thread 0x00007f1b2800a000 Uncommon trap: reason=bimorphic action=maybe_recompile pc=0x00007f1b25140804 method=java.io.DataOutputStream.writeShort(I)V @ 12
Event: 39.229 Thread 0x00007f1b2800a000 Uncommon trap: reason=bimorphic action=maybe_recompile pc=0x00007f1b25140804 method=java.io.DataOutputStream.writeShort(I)V @ 12

Internal exceptions (10 events):
Event: 40.517 Thread 0x00007f1b2800a000 Threw 0x00000000fe9839a0 at /HUDSON/workspace/7u-2-build-linux-amd64/jdk7u80/2329/hotspot/src/share/vm/prims/jvm.cpp:1319
Event: 40.517 Thread 0x00007f1b2800a000 Threw 0x00000000fe9953f8 at /HUDSON/workspace/7u-2-build-linux-amd64/jdk7u80/2329/hotspot/src/share/vm/prims/jvm.cpp:1319
Event: 40.518 Thread 0x00007f1b2800a000 Threw 0x00000000fe9961c8 at /HUDSON/workspace/7u-2-build-linux-amd64/jdk7u80/2329/hotspot/src/share/vm/prims/jvm.cpp:1319
Event: 40.518 Thread 0x00007f1b2800a000 Threw 0x00000000fe9a7c20 at /HUDSON/workspace/7u-2-build-linux-amd64/jdk7u80/2329/hotspot/src/share/vm/prims/jvm.cpp:1319
Event: 40.518 Thread 0x00007f1b2800a000 Threw 0x00000000fe9a8128 at /HUDSON/workspace/7u-2-build-linux-amd64/jdk7u80/2329/hotspot/src/share/vm/classfile/systemDictionary.cpp:185
Event: 40.519 Thread 0x00007f1b2800a000 Threw 0x00000000fe9b1510 at /HUDSON/workspace/7u-2-build-linux-amd64/jdk7u80/2329/hotspot/src/share/vm/prims/jvm.cpp:1319
Event: 40.520 Thread 0x00007f1b2800a000 Threw 0x00000000fe9c7f50 at /HUDSON/workspace/7u-2-build-linux-amd64/jdk7u80/2329/hotspot/src/share/vm/prims/jvm.cpp:1319
Event: 40.521 Thread 0x00007f1b2800a000 Threw 0x00000000fe9c8ea0 at /HUDSON/workspace/7u-2-build-linux-amd64/jdk7u80/2329/hotspot/src/share/vm/prims/jvm.cpp:1319
Event: 40.521 Thread 0x00007f1b2800a000 Threw 0x00000000fe9df8e0 at /HUDSON/workspace/7u-2-build-linux-amd64/jdk7u80/2329/hotspot/src/share/vm/prims/jvm.cpp:1319
Event: 40.522 Thread 0x00007f1b2800a000 Threw 0x00000000fe9dfe28 at /HUDSON/workspace/7u-2-build-linux-amd64/jdk7u80/2329/hotspot/src/share/vm/classfile/systemDictionary.cpp:185

Events (10 events):
Event: 40.518 loading class 0x00007f1b29405340
Event: 40.518 loading class 0x00007f1b29405340 done
Event: 40.519 loading class 0x00007f1b294053b0
Event: 40.519 loading class 0x00007f1b294053b0 done
Event: 40.521 loading class 0x00007f1b294053b0
Event: 40.521 loading class 0x00007f1b294053b0 done
Event: 40.522 loading class 0x00007f1b294053b0
Event: 40.522 loading class 0x00007f1b294053b0 done
Event: 40.550 Thread 0x00007f1b2941b000 Thread added: 0x00007f1b2941b000
Event: 40.558 Executing VM operation: ParallelGCFailedAllocation


Dynamic libraries:
00400000-00401000 r-xp 00000000 08:01 214894                             /usr/lib/jvm/java-7-oracle/jre/bin/java
00600000-00601000 rw-p 00000000 08:01 214894                             /usr/lib/jvm/java-7-oracle/jre/bin/java
021c1000-021e2000 rw-p 00000000 00:00 0                                  [heap]
eae00000-ee080000 rw-p 00000000 00:00 0 
f0000000-f3c80000 rw-p 00000000 00:00 0 
f3c80000-faa80000 rw-p 00000000 00:00 0 
faa80000-100000000 rw-p 00000000 00:00 0 
7f1aa0000000-7f1aa0021000 rw-p 00000000 00:00 0 
7f1aa0021000-7f1aa4000000 ---p 00000000 00:00 0 
7f1aa8000000-7f1aa8021000 rw-p 00000000 00:00 0 
7f1aa8021000-7f1aac000000 ---p 00000000 00:00 0 
7f1aac000000-7f1aac0d4000 rw-p 00000000 00:00 0 
7f1aac0d4000-7f1ab0000000 ---p 00000000 00:00 0 
7f1ab0000000-7f1ab0021000 rw-p 00000000 00:00 0 
7f1ab0021000-7f1ab4000000 ---p 00000000 00:00 0 
7f1ab4000000-7f1ab4021000 rw-p 00000000 00:00 0 
7f1ab4021000-7f1ab8000000 ---p 00000000 00:00 0 
7f1ab8000000-7f1ab802d000 rw-p 00000000 00:00 0 
7f1ab802d000-7f1abc000000 ---p 00000000 00:00 0 
7f1abc000000-7f1abc021000 rw-p 00000000 00:00 0 
7f1abc021000-7f1ac0000000 ---p 00000000 00:00 0 
7f1ac0000000-7f1ac0021000 rw-p 00000000 00:00 0 
7f1ac0021000-7f1ac4000000 ---p 00000000 00:00 0 
7f1ac4000000-7f1ac4021000 rw-p 00000000 00:00 0 
7f1ac4021000-7f1ac8000000 ---p 00000000 00:00 0 
7f1ac8000000-7f1ac8021000 rw-p 00000000 00:00 0 
7f1ac8021000-7f1acc000000 ---p 00000000 00:00 0 
7f1acc000000-7f1acc021000 rw-p 00000000 00:00 0 
7f1acc021000-7f1ad0000000 ---p 00000000 00:00 0 
7f1ad0000000-7f1ad0021000 rw-p 00000000 00:00 0 
7f1ad0021000-7f1ad4000000 ---p 00000000 00:00 0 
7f1ad4000000-7f1ad4021000 rw-p 00000000 00:00 0 
7f1ad4021000-7f1ad8000000 ---p 00000000 00:00 0 
7f1ad8000000-7f1ad808a000 rw-p 00000000 00:00 0 
7f1ad808a000-7f1adc000000 ---p 00000000 00:00 0 
7f1adc000000-7f1adc032000 rw-p 00000000 00:00 0 
7f1adc032000-7f1ae0000000 ---p 00000000 00:00 0 
7f1ae0000000-7f1ae0021000 rw-p 00000000 00:00 0 
7f1ae0021000-7f1ae4000000 ---p 00000000 00:00 0 
7f1ae4000000-7f1ae4053000 rw-p 00000000 00:00 0 
7f1ae4053000-7f1ae8000000 ---p 00000000 00:00 0 
7f1ae8000000-7f1ae8021000 rw-p 00000000 00:00 0 
7f1ae8021000-7f1aec000000 ---p 00000000 00:00 0 
7f1aec000000-7f1aec021000 rw-p 00000000 00:00 0 
7f1aec021000-7f1af0000000 ---p 00000000 00:00 0 
7f1af0000000-7f1af14ac000 rw-p 00000000 00:00 0 
7f1af14ac000-7f1af4000000 ---p 00000000 00:00 0 
7f1af4000000-7f1af4021000 rw-p 00000000 00:00 0 
7f1af4021000-7f1af8000000 ---p 00000000 00:00 0 
7f1af8000000-7f1af8021000 rw-p 00000000 00:00 0 
7f1af8021000-7f1afc000000 ---p 00000000 00:00 0 
7f1afc000000-7f1afdb92000 rw-p 00000000 00:00 0 
7f1afdb92000-7f1b00000000 ---p 00000000 00:00 0 
7f1b00000000-7f1b00021000 rw-p 00000000 00:00 0 
7f1b00021000-7f1b04000000 ---p 00000000 00:00 0 
7f1b04000000-7f1b04021000 rw-p 00000000 00:00 0 
7f1b04021000-7f1b08000000 ---p 00000000 00:00 0 
7f1b08000000-7f1b08050000 rw-p 00000000 00:00 0 
7f1b08050000-7f1b0c000000 ---p 00000000 00:00 0 
7f1b0c000000-7f1b0c2d1000 rw-p 00000000 00:00 0 
7f1b0c2d1000-7f1b10000000 ---p 00000000 00:00 0 
7f1b10000000-7f1b1003a000 rw-p 00000000 00:00 0 
7f1b1003a000-7f1b14000000 ---p 00000000 00:00 0 
7f1b156d7000-7f1b156da000 ---p 00000000 00:00 0 
7f1b156da000-7f1b157d8000 rw-p 00000000 00:00 0                          [stack:7278]
7f1b157d8000-7f1b157db000 ---p 00000000 00:00 0 
7f1b157db000-7f1b158d9000 rw-p 00000000 00:00 0                          [stack:7277]
7f1b158d9000-7f1b158dc000 ---p 00000000 00:00 0 
7f1b158dc000-7f1b159da000 rw-p 00000000 00:00 0                          [stack:7276]
7f1b159da000-7f1b159dd000 ---p 00000000 00:00 0 
7f1b159dd000-7f1b15adb000 rw-p 00000000 00:00 0                          [stack:7275]
7f1b15adb000-7f1b15ade000 ---p 00000000 00:00 0 
7f1b15ade000-7f1b15bdc000 rw-p 00000000 00:00 0                          [stack:7274]
7f1b15bdc000-7f1b15bdf000 ---p 00000000 00:00 0 
7f1b15bdf000-7f1b15cdd000 rw-p 00000000 00:00 0                          [stack:7273]
7f1b15cdd000-7f1b15ce0000 ---p 00000000 00:00 0 
7f1b15ce0000-7f1b15dde000 rw-p 00000000 00:00 0                          [stack:7272]
7f1b15dde000-7f1b15de1000 ---p 00000000 00:00 0 
7f1b15de1000-7f1b15edf000 rw-p 00000000 00:00 0                          [stack:7271]
7f1b15edf000-7f1b15ee2000 ---p 00000000 00:00 0 
7f1b15ee2000-7f1b15fe0000 rw-p 00000000 00:00 0                          [stack:7270]
7f1b15fe0000-7f1b15fe3000 ---p 00000000 00:00 0 
7f1b15fe3000-7f1b160e1000 rw-p 00000000 00:00 0                          [stack:7269]
7f1b160e1000-7f1b160e4000 ---p 00000000 00:00 0 
7f1b160e4000-7f1b161e2000 rw-p 00000000 00:00 0                          [stack:7268]
7f1b161e2000-7f1b161e5000 ---p 00000000 00:00 0 
7f1b161e5000-7f1b162e3000 rw-p 00000000 00:00 0                          [stack:7267]
7f1b162e3000-7f1b162e6000 ---p 00000000 00:00 0 
7f1b162e6000-7f1b163e4000 rw-p 00000000 00:00 0                          [stack:7266]
7f1b163e4000-7f1b163e7000 ---p 00000000 00:00 0 
7f1b163e7000-7f1b164e5000 rw-p 00000000 00:00 0                          [stack:7265]
7f1b164e5000-7f1b164e8000 ---p 00000000 00:00 0 
7f1b164e8000-7f1b165e6000 rw-p 00000000 00:00 0                          [stack:7264]
7f1b165e6000-7f1b165e9000 ---p 00000000 00:00 0 
7f1b165e9000-7f1b166e7000 rw-p 00000000 00:00 0                          [stack:7263]
7f1b166e7000-7f1b166ea000 ---p 00000000 00:00 0 
7f1b166ea000-7f1b167e8000 rw-p 00000000 00:00 0                          [stack:7261]
7f1b167e8000-7f1b167eb000 ---p 00000000 00:00 0 
7f1b167eb000-7f1b168e9000 rw-p 00000000 00:00 0                          [stack:7262]
7f1b168e9000-7f1b168ec000 ---p 00000000 00:00 0 
7f1b168ec000-7f1b169ea000 rw-p 00000000 00:00 0                          [stack:7259]
7f1b169ea000-7f1b169ed000 ---p 00000000 00:00 0 
7f1b169ed000-7f1b16aeb000 rw-p 00000000 00:00 0                          [stack:7257]
7f1b16aeb000-7f1b16aee000 ---p 00000000 00:00 0 
7f1b16aee000-7f1b16bec000 rw-p 00000000 00:00 0                          [stack:7256]
7f1b16bec000-7f1b16bef000 ---p 00000000 00:00 0 
7f1b16bef000-7f1b16ced000 rw-p 00000000 00:00 0                          [stack:7255]
7f1b16ced000-7f1b16cf0000 ---p 00000000 00:00 0 
7f1b16cf0000-7f1b16dee000 rw-p 00000000 00:00 0                          [stack:7254]
7f1b16dee000-7f1b16df1000 ---p 00000000 00:00 0 
7f1b16df1000-7f1b16eef000 rw-p 00000000 00:00 0                          [stack:7253]
7f1b16eef000-7f1b16ef2000 ---p 00000000 00:00 0 
7f1b16ef2000-7f1b16ff0000 rw-p 00000000 00:00 0                          [stack:7252]
7f1b16ff0000-7f1b16ff3000 ---p 00000000 00:00 0 
7f1b16ff3000-7f1b170f1000 rw-p 00000000 00:00 0                          [stack:7251]
7f1b170f1000-7f1b170f4000 ---p 00000000 00:00 0 
7f1b170f4000-7f1b171f2000 rw-p 00000000 00:00 0                          [stack:7250]
7f1b171f2000-7f1b171f5000 ---p 00000000 00:00 0 
7f1b171f5000-7f1b172f3000 rw-p 00000000 00:00 0                          [stack:7249]
7f1b172f3000-7f1b172f6000 ---p 00000000 00:00 0 
7f1b172f6000-7f1b173f4000 rw-p 00000000 00:00 0                          [stack:7248]
7f1b173f4000-7f1b173f7000 ---p 00000000 00:00 0 
7f1b173f7000-7f1b174f5000 rw-p 00000000 00:00 0                          [stack:7247]
7f1b174f5000-7f1b174f8000 ---p 00000000 00:00 0 
7f1b174f8000-7f1b175f6000 rw-p 00000000 00:00 0                          [stack:7246]
7f1b175f6000-7f1b175f9000 ---p 00000000 00:00 0 
7f1b175f9000-7f1b176f7000 rw-p 00000000 00:00 0                          [stack:7245]
7f1b176f7000-7f1b176fa000 ---p 00000000 00:00 0 
7f1b176fa000-7f1b177f8000 rw-p 00000000 00:00 0                          [stack:7244]
7f1b177f8000-7f1b177fb000 ---p 00000000 00:00 0 
7f1b177fb000-7f1b178f9000 rw-p 00000000 00:00 0                          [stack:7243]
7f1b178f9000-7f1b178fc000 ---p 00000000 00:00 0 
7f1b178fc000-7f1b179fa000 rw-p 00000000 00:00 0                          [stack:7242]
7f1b179fa000-7f1b179fd000 ---p 00000000 00:00 0 
7f1b179fd000-7f1b17afb000 rw-p 00000000 00:00 0                          [stack:7241]
7f1b17afb000-7f1b17afe000 ---p 00000000 00:00 0 
7f1b17afe000-7f1b17bfc000 rw-p 00000000 00:00 0                          [stack:7239]
7f1b17bfc000-7f1b17bff000 ---p 00000000 00:00 0 
7f1b17bff000-7f1b17cfd000 rw-p 00000000 00:00 0                          [stack:7238]
7f1b17cfd000-7f1b17d00000 ---p 00000000 00:00 0 
7f1b17d00000-7f1b17dfe000 rw-p 00000000 00:00 0                          [stack:7236]
7f1b17dfe000-7f1b17e01000 ---p 00000000 00:00 0 
7f1b17e01000-7f1b17eff000 rw-p 00000000 00:00 0                          [stack:7235]
7f1b17eff000-7f1b17f02000 ---p 00000000 00:00 0 
7f1b17f02000-7f1b18000000 rw-p 00000000 00:00 0                          [stack:7234]
7f1b18000000-7f1b1802f000 rw-p 00000000 00:00 0 
7f1b1802f000-7f1b1c000000 ---p 00000000 00:00 0 
7f1b1c041000-7f1b1c044000 ---p 00000000 00:00 0 
7f1b1c044000-7f1b1c142000 rw-p 00000000 00:00 0                          [stack:7233]
7f1b1c142000-7f1b1c145000 ---p 00000000 00:00 0 
7f1b1c145000-7f1b1c243000 rw-p 00000000 00:00 0                          [stack:7232]
7f1b1c243000-7f1b1c246000 ---p 00000000 00:00 0 
7f1b1c246000-7f1b1c344000 rw-p 00000000 00:00 0                          [stack:7231]
7f1b1c344000-7f1b1c347000 ---p 00000000 00:00 0 
7f1b1c347000-7f1b1c445000 rw-p 00000000 00:00 0                          [stack:7230]
7f1b1c445000-7f1b1c448000 ---p 00000000 00:00 0 
7f1b1c448000-7f1b1c546000 rw-p 00000000 00:00 0                          [stack:7229]
7f1b1c546000-7f1b1c549000 ---p 00000000 00:00 0 
7f1b1c549000-7f1b1c647000 rw-p 00000000 00:00 0                          [stack:7228]
7f1b1c647000-7f1b1c64a000 ---p 00000000 00:00 0 
7f1b1c64a000-7f1b1c748000 rw-p 00000000 00:00 0                          [stack:7227]
7f1b1c748000-7f1b1c74b000 ---p 00000000 00:00 0 
7f1b1c74b000-7f1b1c849000 rw-p 00000000 00:00 0                          [stack:7226]
7f1b1c849000-7f1b1c84c000 ---p 00000000 00:00 0 
7f1b1c84c000-7f1b1c94a000 rw-p 00000000 00:00 0                          [stack:7225]
7f1b1c94a000-7f1b1c94d000 ---p 00000000 00:00 0 
7f1b1c94d000-7f1b1ca4b000 rw-p 00000000 00:00 0                          [stack:7224]
7f1b1ca4b000-7f1b1ca4e000 ---p 00000000 00:00 0 
7f1b1ca4e000-7f1b1cb4c000 rw-p 00000000 00:00 0                          [stack:7223]
7f1b1cb4c000-7f1b1cb4f000 ---p 00000000 00:00 0 
7f1b1cb4f000-7f1b1cc4d000 rw-p 00000000 00:00 0                          [stack:7222]
7f1b1cc4d000-7f1b1cc50000 ---p 00000000 00:00 0 
7f1b1cc50000-7f1b1cd4e000 rw-p 00000000 00:00 0                          [stack:7221]
7f1b1cd4e000-7f1b1cd51000 ---p 00000000 00:00 0 
7f1b1cd51000-7f1b1ce4f000 rw-p 00000000 00:00 0                          [stack:7220]
7f1b1ce4f000-7f1b1ce52000 ---p 00000000 00:00 0 
7f1b1ce52000-7f1b1cf50000 rw-p 00000000 00:00 0                          [stack:7219]
7f1b1cf50000-7f1b1cf53000 ---p 00000000 00:00 0 
7f1b1cf53000-7f1b1d051000 rw-p 00000000 00:00 0                          [stack:7218]
7f1b1d051000-7f1b1d054000 ---p 00000000 00:00 0 
7f1b1d054000-7f1b1d152000 rw-p 00000000 00:00 0                          [stack:7217]
7f1b1d152000-7f1b1d155000 ---p 00000000 00:00 0 
7f1b1d155000-7f1b1d253000 rw-p 00000000 00:00 0                          [stack:7216]
7f1b1d253000-7f1b1d256000 ---p 00000000 00:00 0 
7f1b1d256000-7f1b1d354000 rw-p 00000000 00:00 0                          [stack:7215]
7f1b1d354000-7f1b1d357000 ---p 00000000 00:00 0 
7f1b1d357000-7f1b1d455000 rw-p 00000000 00:00 0                          [stack:7214]
7f1b1d455000-7f1b1d458000 ---p 00000000 00:00 0 
7f1b1d458000-7f1b1d556000 rw-p 00000000 00:00 0                          [stack:7213]
7f1b1d556000-7f1b1d559000 ---p 00000000 00:00 0 
7f1b1d559000-7f1b1d657000 rw-p 00000000 00:00 0                          [stack:7212]
7f1b1d657000-7f1b1d65a000 ---p 00000000 00:00 0 
7f1b1d65a000-7f1b1d758000 rw-p 00000000 00:00 0                          [stack:7211]
7f1b1d758000-7f1b1d75b000 ---p 00000000 00:00 0 
7f1b1d75b000-7f1b1d859000 rw-p 00000000 00:00 0                          [stack:7210]
7f1b1d859000-7f1b1d85c000 ---p 00000000 00:00 0 
7f1b1d85c000-7f1b1d95a000 rw-p 00000000 00:00 0                          [stack:7207]
7f1b1d95a000-7f1b1d95d000 ---p 00000000 00:00 0 
7f1b1d95d000-7f1b1da5b000 rw-p 00000000 00:00 0                          [stack:7205]
7f1b1da5b000-7f1b1da5e000 ---p 00000000 00:00 0 
7f1b1da5e000-7f1b1db5c000 rw-p 00000000 00:00 0                          [stack:7204]
7f1b1db5c000-7f1b1db72000 r-xp 00000000 08:01 5124                       /lib/x86_64-linux-gnu/libgcc_s.so.1
7f1b1db72000-7f1b1dd71000 ---p 00016000 08:01 5124                       /lib/x86_64-linux-gnu/libgcc_s.so.1
7f1b1dd71000-7f1b1dd72000 rw-p 00015000 08:01 5124                       /lib/x86_64-linux-gnu/libgcc_s.so.1
7f1b1dd76000-7f1b1dd77000 rw-p 00000000 00:00 0 
7f1b1dd77000-7f1b1dd82000 r--s 0037c000 08:01 214804                     /usr/lib/jvm/java-7-oracle/jre/lib/charsets.jar
7f1b1dd82000-7f1b1dd86000 r--s 0002d000 08:01 214204                     /usr/lib/jvm/java-7-oracle/jre/lib/ext/sunjce_provider.jar
7f1b1dd86000-7f1b1ddb8000 r-xp 00000000 08:01 214839                     /usr/lib/jvm/java-7-oracle/jre/lib/amd64/libsunec.so
7f1b1ddb8000-7f1b1dfb7000 ---p 00032000 08:01 214839                     /usr/lib/jvm/java-7-oracle/jre/lib/amd64/libsunec.so
7f1b1dfb7000-7f1b1dfbd000 rw-p 00031000 08:01 214839                     /usr/lib/jvm/java-7-oracle/jre/lib/amd64/libsunec.so
7f1b1dfbd000-7f1b1dfcd000 rw-p 00000000 00:00 0 
7f1b1dfcd000-7f1b1dfce000 r--s 00003000 08:01 214208                     /usr/lib/jvm/java-7-oracle/jre/lib/ext/sunec.jar
7f1b1dfce000-7f1b1dfd2000 r--s 00037000 08:01 214202                     /usr/lib/jvm/java-7-oracle/jre/lib/ext/sunpkcs11.jar
7f1b1dfd2000-7f1b1dfd5000 r--s 00019000 08:01 214743                     /usr/lib/jvm/java-7-oracle/jre/lib/jce.jar
7f1b1dfd5000-7f1b1dfd8000 ---p 00000000 00:00 0 
7f1b1dfd8000-7f1b1e0d6000 rw-p 00000000 00:00 0                          [stack:7198]
7f1b1e0d6000-7f1b1e0d9000 ---p 00000000 00:00 0 
7f1b1e0d9000-7f1b1e1d7000 rw-p 00000000 00:00 0                          [stack:7185]
7f1b1e1d7000-7f1b1e1da000 ---p 00000000 00:00 0 
7f1b1e1da000-7f1b1e2d8000 rw-p 00000000 00:00 0                          [stack:7175]
7f1b1e2d8000-7f1b1e2db000 ---p 00000000 00:00 0 
7f1b1e2db000-7f1b1e3d9000 rw-p 00000000 00:00 0                          [stack:7165]
7f1b1e3d9000-7f1b1e3dc000 ---p 00000000 00:00 0 
7f1b1e3dc000-7f1b1e4da000 rw-p 00000000 00:00 0                          [stack:7156]
7f1b1e4da000-7f1b1e4dd000 ---p 00000000 00:00 0 
7f1b1e4dd000-7f1b1e5db000 rw-p 00000000 00:00 0                          [stack:7146]
7f1b1e5db000-7f1b1e5de000 ---p 00000000 00:00 0 
7f1b1e5de000-7f1b1e6dc000 rw-p 00000000 00:00 0                          [stack:7286]
7f1b1e6dc000-7f1b1e6df000 ---p 00000000 00:00 0 
7f1b1e6df000-7f1b1e7dd000 rw-p 00000000 00:00 0                          [stack:7203]
7f1b1e7dd000-7f1b1e7e0000 ---p 00000000 00:00 0 
7f1b1e7e0000-7f1b1e8de000 rw-p 00000000 00:00 0                          [stack:7288]
7f1b1e8de000-7f1b1e8e1000 ---p 00000000 00:00 0 
7f1b1e8e1000-7f1b1e9df000 rw-p 00000000 00:00 0                          [stack:7285]
7f1b1e9df000-7f1b1e9e2000 ---p 00000000 00:00 0 
7f1b1e9e2000-7f1b1eae0000 rw-p 00000000 00:00 0                          [stack:7284]
7f1b1eae0000-7f1b1eae3000 ---p 00000000 00:00 0 
7f1b1eae3000-7f1b1ebe1000 rw-p 00000000 00:00 0 
7f1b1ebe1000-7f1b1ebe4000 ---p 00000000 00:00 0 
7f1b1ebe4000-7f1b1ece2000 rw-p 00000000 00:00 0 
7f1b1ece2000-7f1b1ece5000 ---p 00000000 00:00 0 
7f1b1ece5000-7f1b1ede3000 rw-p 00000000 00:00 0 
7f1b1ede3000-7f1b1ede6000 ---p 00000000 00:00 0 
7f1b1ede6000-7f1b1eee4000 rw-p 00000000 00:00 0 
7f1b1eee4000-7f1b1eee7000 ---p 00000000 00:00 0 
7f1b1eee7000-7f1b1efe5000 rw-p 00000000 00:00 0                          [stack:7280]
7f1b1efe5000-7f1b1efe8000 ---p 00000000 00:00 0 
7f1b1efe8000-7f1b1f0e6000 rw-p 00000000 00:00 0                          [stack:7047]
7f1b1f0e6000-7f1b1f0e9000 ---p 00000000 00:00 0 
7f1b1f0e9000-7f1b1f1e7000 rw-p 00000000 00:00 0                          [stack:7201]
7f1b1f1e7000-7f1b1f1ea000 ---p 00000000 00:00 0 
7f1b1f1ea000-7f1b1f2e8000 rw-p 00000000 00:00 0                          [stack:7287]
7f1b1f2e8000-7f1b1f2eb000 ---p 00000000 00:00 0 
7f1b1f2eb000-7f1b1f3e9000 rw-p 00000000 00:00 0                          [stack:7200]
7f1b1f3e9000-7f1b1f3ec000 ---p 00000000 00:00 0 
7f1b1f3ec000-7f1b1f4ea000 rw-p 00000000 00:00 0                          [stack:7202]
7f1b1f4ea000-7f1b1f4f2000 r-xp 00000000 08:01 214835                     /usr/lib/jvm/java-7-oracle/jre/lib/amd64/libmanagement.so
7f1b1f4f2000-7f1b1f6f1000 ---p 00008000 08:01 214835                     /usr/lib/jvm/java-7-oracle/jre/lib/amd64/libmanagement.so
7f1b1f6f1000-7f1b1f6f2000 rw-p 00007000 08:01 214835                     /usr/lib/jvm/java-7-oracle/jre/lib/amd64/libmanagement.so
7f1b1f6f2000-7f1b1f6f6000 r--s 0008b000 08:01 214306                     /usr/lib/jvm/java-7-oracle/jre/lib/jsse.jar
7f1b1f6f6000-7f1b1f6fa000 r--s 000f7000 08:01 214203                     /usr/lib/jvm/java-7-oracle/jre/lib/ext/localedata.jar
7f1b1f6fa000-7f1b1f6fd000 ---p 00000000 00:00 0 
7f1b1f6fd000-7f1b1f7fb000 rw-p 00000000 00:00 0                          [stack:7279]
7f1b1f7fb000-7f1b1f80b000 r-xp 00000000 08:01 214832                     /usr/lib/jvm/java-7-oracle/jre/lib/amd64/libnio.so
7f1b1f80b000-7f1b1fa0b000 ---p 00010000 08:01 214832                     /usr/lib/jvm/java-7-oracle/jre/lib/amd64/libnio.so
7f1b1fa0b000-7f1b1fa0c000 rw-p 00010000 08:01 214832                     /usr/lib/jvm/java-7-oracle/jre/lib/amd64/libnio.so
7f1b1fa0c000-7f1b1fa16000 r--s 00253000 08:01 214305                     /usr/lib/jvm/java-7-oracle/jre/lib/resources.jar
7f1b1fa16000-7f1b1fa17000 r--p 00000000 08:01 426850                     /usr/share/locale-langpack/en_GB/LC_MESSAGES/libc.mo
7f1b1fa17000-7f1b1fa2e000 r-xp 00000000 08:01 214836                     /usr/lib/jvm/java-7-oracle/jre/lib/amd64/libnet.so
7f1b1fa2e000-7f1b1fc2d000 ---p 00017000 08:01 214836                     /usr/lib/jvm/java-7-oracle/jre/lib/amd64/libnet.so
7f1b1fc2d000-7f1b1fc2e000 rw-p 00016000 08:01 214836                     /usr/lib/jvm/java-7-oracle/jre/lib/amd64/libnet.so
7f1b1fc2e000-7f1b1fc30000 r--s 00008000 08:01 651570                     /home/isanchez/.m2/repository/org/apache/maven/surefire/surefire-grouper/2.17/surefire-grouper-2.17.jar
7f1b1fc30000-7f1b1fc32000 r--s 00006000 08:01 554282                     /home/isanchez/.m2/repository/com/google/code/findbugs/jsr305/2.0.1/jsr305-2.0.1.jar
7f1b1fc32000-7f1b1fc35000 r--s 00023000 08:01 554901                     /home/isanchez/.m2/repository/org/apache/maven/shared/maven-shared-utils/0.4/maven-shared-utils-0.4.jar
7f1b1fc35000-7f1b1fc37000 r--s 00008000 08:01 651564                     /home/isanchez/.m2/repository/org/apache/maven/surefire/common-java5/2.17/common-java5-2.17.jar
7f1b1fc37000-7f1b1fc38000 r--s 00002000 08:01 651565                     /home/isanchez/.m2/repository/org/apache/maven/surefire/common-junit3/2.17/common-junit3-2.17.jar
7f1b1fc38000-7f1b1fc39000 r--s 00003000 08:01 651567                     /home/isanchez/.m2/repository/org/apache/maven/surefire/common-junit4/2.17/common-junit4-2.17.jar
7f1b1fc39000-7f1b1fc3b000 r--s 00003000 08:01 651563                     /home/isanchez/.m2/repository/org/apache/maven/surefire/common-junit48/2.17/common-junit48-2.17.jar
7f1b1fc3b000-7f1b1fc3f000 r--s 0001a000 08:01 651566                     /home/isanchez/.m2/repository/org/apache/maven/surefire/surefire-junit47/2.17/surefire-junit47-2.17.jar
7f1b1fc3f000-7f1b1fc41000 r--s 00005000 08:01 555038                     /home/isanchez/.m2/repository/org/objenesis/objenesis/1.0/objenesis-1.0.jar
7f1b1fc41000-7f1b1fc60000 r--s 00150000 08:01 555037                     /home/isanchez/.m2/repository/org/mockito/mockito-core/1.9.5/mockito-core-1.9.5.jar
7f1b1fc60000-7f1b1fc61000 r--s 0000c000 08:01 555043                     /home/isanchez/.m2/repository/org/hamcrest/hamcrest-library/1.3/hamcrest-library-1.3.jar
7f1b1fc61000-7f1b1fc63000 r--s 00000000 08:01 555536                     /home/isanchez/.m2/repository/org/hamcrest/hamcrest-integration/1.3/hamcrest-integration-1.3.jar
7f1b1fc63000-7f1b1fc65000 r--s 00009000 08:01 555042                     /home/isanchez/.m2/repository/org/hamcrest/hamcrest-core/1.3/hamcrest-core-1.3.jar
7f1b1fc65000-7f1b1fc6b000 r--s 00036000 08:01 555034                     /home/isanchez/.m2/repository/junit/junit/4.11/junit-4.11.jar
7f1b1fc6b000-7f1b1fc71000 r--s 00045000 08:01 651805                     /home/isanchez/.m2/repository/commons-httpclient/commons-httpclient/3.1/commons-httpclient-3.1.jar
7f1b1fc71000-7f1b1fc7c000 r--s 00065000 08:01 559159                     /home/isanchez/.m2/repository/org/springframework/spring-test/3.2.9.RELEASE/spring-test-3.2.9.RELEASE.jar
7f1b1fc7c000-7f1b1fc7e000 r--s 00005000 08:01 555542                     /home/isanchez/.m2/repository/com/yazino/test-helpers/1.1.6/test-helpers-1.1.6.jar
7f1b1fc7e000-7f1b1fc82000 r--s 0003b000 08:01 564733                     /home/isanchez/.m2/repository/com/jcraft/jsch/0.1.50/jsch-0.1.50.jar
7f1b1fc82000-7f1b1fc90000 r--s 0008d000 08:01 558467                     /home/isanchez/.m2/repository/org/springframework/spring-web/3.2.9.RELEASE/spring-web-3.2.9.RELEASE.jar
7f1b1fc90000-7f1b1fc93000 r--s 00015000 08:01 651794                     /home/isanchez/.m2/repository/javax/servlet/javax.servlet-api/3.1.0/javax.servlet-api-3.1.0.jar
7f1b1fc93000-7f1b1fc97000 r--s 0001b000 08:01 650890                     /home/isanchez/.m2/repository/com/googlecode/ehcache-spring-annotations/ehcache-spring-annotations/1.2.0/ehcache-spring-annotations-1.2.0.jar
7f1b1fc97000-7f1b1fcb2000 r--s 0012e000 08:01 650895                     /home/isanchez/.m2/repository/net/sf/ehcache/ehcache-core/2.6.9/ehcache-core-2.6.9.jar
7f1b1fcb2000-7f1b1fcb8000 r--s 0003d000 08:01 553963                     /home/isanchez/.m2/repository/ch/qos/logback/logback-classic/1.1.2/logback-classic-1.1.2.jar
7f1b1fcb8000-7f1b1fcc2000 r--s 0005f000 08:01 553962                     /home/isanchez/.m2/repository/ch/qos/logback/logback-core/1.1.2/logback-core-1.1.2.jar
7f1b1fcc2000-7f1b1fcc4000 r--s 00000000 08:01 553957                     /home/isanchez/.m2/repository/org/slf4j/jul-to-slf4j/1.7.7/jul-to-slf4j-1.7.7.jar
7f1b1fcc4000-7f1b1fcc5000 r--s 00001000 08:01 521096                     /home/isanchez/.m2/repository/com/yazino/lumberjack/1.0.0/lumberjack-1.0.0.jar
7f1b1fcc5000-7f1b1fcc6000 r--s 00002000 08:01 554920                     /home/isanchez/.m2/repository/com/yazino/logging/1.0.17/logging-1.0.17.jar
7f1b1fcc6000-7f1b1fcc8000 r--s 00006000 08:01 553956                     /home/isanchez/.m2/repository/org/slf4j/slf4j-api/1.7.7/slf4j-api-1.7.7.jar
7f1b1fcc8000-7f1b1fcd3000 r--s 0008b000 08:01 553955                     /home/isanchez/.m2/repository/c3p0/c3p0/0.9.1.2/c3p0-0.9.1.2.jar
7f1b1fcd3000-7f1b1fcdc000 r--s 000e3000 08:01 650778                     /home/isanchez/.m2/repository/mysql/mysql-connector-java/5.1.31/mysql-connector-java-5.1.31.jar
7f1b1fcdc000-7f1b1fce6000 r--s 00098000 08:01 562426                     /home/isanchez/.m2/repository/org/quartz-scheduler/quartz/2.2.1/quartz-2.2.1.jar
7f1b1fce6000-7f1b1fcef000 r--s 0004d000 08:01 559203                     /home/isanchez/.m2/repository/com/rabbitmq/amqp-client/3.1.4/amqp-client-3.1.4.jar
7f1b1fcef000-7f1b1fcf2000 r--s 0000f000 08:01 562437                     /home/isanchez/.m2/repository/org/springframework/retry/spring-retry/1.0.0.RELEASE/spring-retry-1.0.0.RELEASE.jar
7f1b1fcf2000-7f1b1fcf8000 r--s 00037000 08:01 559202                     /home/isanchez/.m2/repository/org/springframework/amqp/spring-rabbit/1.3.4.RELEASE/spring-rabbit-1.3.4.RELEASE.jar
7f1b1fcf8000-7f1b1fcfb000 r--s 00011000 08:01 650584                     /home/isanchez/.m2/repository/org/springframework/amqp/spring-amqp/1.3.4.RELEASE/spring-amqp-1.3.4.RELEASE.jar
7f1b1fcfb000-7f1b1fcfd000 r--s 00011000 08:01 564734                     /home/isanchez/.m2/repository/org/springframework/spring-oxm/3.2.9.RELEASE/spring-oxm-3.2.9.RELEASE.jar
7f1b1fcfd000-7f1b1fcff000 r--s 00000000 08:01 540250                     /home/isanchez/.m2/repository/aopalliance/aopalliance/1.0/aopalliance-1.0.jar
7f1b1fcff000-7f1b1fd08000 r--s 0004a000 08:01 556828                     /home/isanchez/.m2/repository/org/springframework/spring-aop/3.2.9.RELEASE/spring-aop-3.2.9.RELEASE.jar
7f1b1fd08000-7f1b1fd14000 r--s 0008a000 08:01 556834                     /home/isanchez/.m2/repository/org/springframework/spring-beans/3.2.9.RELEASE/spring-beans-3.2.9.RELEASE.jar
7f1b1fd14000-7f1b1fd18000 r--s 0002c000 08:01 556832                     /home/isanchez/.m2/repository/org/springframework/spring-expression/3.2.9.RELEASE/spring-expression-3.2.9.RELEASE.jar
7f1b1fd18000-7f1b1fd2d000 r--s 000bf000 08:01 556826                     /home/isanchez/.m2/repository/org/springframework/spring-context/3.2.9.RELEASE/spring-context-3.2.9.RELEASE.jar
7f1b1fd2d000-7f1b1fd35000 r--s 00034000 08:01 651790                     /home/isanchez/.m2/repository/org/springframework/spring-tx/3.2.9.RELEASE/spring-tx-3.2.9.RELEASE.jar
7f1b1fd35000-7f1b1fd3f000 r--s 0005a000 08:01 651787                     /home/isanchez/.m2/repository/org/springframework/spring-jdbc/3.2.9.RELEASE/spring-jdbc-3.2.9.RELEASE.jar
7f1b1fd3f000-7f1b1fd52000 r--s 000c6000 08:01 556830                     /home/isanchez/.m2/repository/org/springframework/spring-core/3.2.9.RELEASE/spring-core-3.2.9.RELEASE.jar
7f1b1fd52000-7f1b1fd55000 r--s 00019000 08:01 556820                     /home/isanchez/.m2/repository/commons-pool/commons-pool/1.6/commons-pool-1.6.jar
7f1b1fd55000-7f1b1fd57000 r--s 0000a000 08:01 522625                     /home/isanchez/.m2/repository/commons-codec/commons-codec/1.3/commons-codec-1.3.jar
7f1b1fd57000-7f1b1fd5d000 r--s 00048000 08:01 554363                     /home/isanchez/.m2/repository/org/apache/commons/commons-lang3/3.1/commons-lang3-3.1.jar
7f1b1fd5d000-7f1b1fd5e000 r--s 00005000 08:01 556814                     /home/isanchez/.m2/repository/com/googlecode/json-simple/json-simple/1.1.1/json-simple-1.1.1.jar
7f1b1fd5e000-7f1b1fd5f000 r--s 00004000 08:01 564738                     /home/isanchez/.m2/repository/com/google/android/gcm/gcm-server/1.0.2/gcm-server-1.0.2.jar
7f1b1fd5f000-7f1b1fd62000 r--s 0001d000 08:01 651857                     /home/isanchez/.m2/repository/com/restfb/restfb/1.6.12/restfb-1.6.12.jar
7f1b1fd62000-7f1b1fd67000 r--s 00016000 08:01 553521                     /home/isanchez/.m2/repository/xml-apis/xml-apis/1.0.b2/xml-apis-1.0.b2.jar
7f1b1fd67000-7f1b1fd6c000 r--s 00048000 08:01 556644                     /home/isanchez/.m2/repository/dom4j/dom4j/1.6.1/dom4j-1.6.1.jar
7f1b1fd6c000-7f1b1fd72000 r--s 0003f000 08:01 555378                     /home/isanchez/.m2/repository/org/apache/httpcomponents/httpcore/4.3.2/httpcore-4.3.2.jar
7f1b1fd72000-7f1b1fd7e000 r--s 00085000 08:01 555379                     /home/isanchez/.m2/repository/org/apache/httpcomponents/httpclient/4.3.4/httpclient-4.3.4.jar
7f1b1fd7e000-7f1b1fd80000 r--s 00013000 08:01 556667                     /home/isanchez/.m2/repository/com/yazino/worldpay/1.0.11/worldpay-1.0.11.jar
7f1b1fd80000-7f1b1fd87000 r--s 0001e000 08:01 563380                     /home/isanchez/.m2/repository/com/yazino/bi-reporting/2.7.22-SNAPSHOT/bi-reporting-2.7.22-SNAPSHOT.jar
7f1b1fd87000-7f1b1fd8c000 r--s 00027000 08:01 562931                     /home/isanchez/.m2/repository/com/yazino/bi-dbdw/2.7.22-SNAPSHOT/bi-dbdw-2.7.22-SNAPSHOT.jar
7f1b1fd8c000-7f1b1fd8f000 r--s 0001b000 08:01 563694                     /home/isanchez/.m2/repository/com/yazino/bi-shared/2.7.22-SNAPSHOT/bi-shared-2.7.22-SNAPSHOT-tests.jar
7f1b1fd8f000-7f1b1fd9b000 r--s 00090000 08:01 652858                     /home/isanchez/.m2/repository/org/springframework/spring-webmvc/3.2.9.RELEASE/spring-webmvc-3.2.9.RELEASE.jar
7f1b1fd9b000-7f1b1fda2000 r--s 00089000 08:01 562963                     /home/isanchez/.m2/repository/org/postgresql/postgresql/9.3-1100-jdbc41/postgresql-9.3-1100-jdbc41.jar
7f1b1fda2000-7f1b1fdad000 r--s 0004d000 08:01 652854                     /home/isanchez/.m2/repository/org/springframework/security/spring-security-core/3.2.3.RELEASE/spring-security-core-3.2.3.RELEASE.jar
7f1b1fdad000-7f1b1fdb1000 r--s 0001f000 08:01 563689                     /home/isanchez/.m2/repository/com/yazino/bi-shared/2.7.22-SNAPSHOT/bi-shared-2.7.22-SNAPSHOT.jar
7f1b1fdb1000-7f1b1fdc0000 r--s 0007f000 08:01 557051                     /home/isanchez/.m2/repository/joda-time/joda-time/2.3/joda-time-2.3.jar
7f1b1fdc0000-7f1b1fdeb000 r--s 001f9000 08:01 559204                     /home/isanchez/.m2/repository/com/google/guava/guava/17.0/guava-17.0.jar
7f1b1fdeb000-7f1b1fdf4000 r--s 00056000 08:01 651789                     /home/isanchez/.m2/repository/org/springframework/spring-orm/3.2.9.RELEASE/spring-orm-3.2.9.RELEASE.jar
7f1b1fdf4000-7f1b1fe97000 r--s 008be000 08:01 521103                     /home/isanchez/.m2/repository/com/gigaspaces/gs-runtime/9.7.0-10496-RELEASE/gs-runtime-9.7.0-10496-RELEASE.jar
7f1b1fe97000-7f1b1fedf000 r--s 002b0000 08:01 521118                     /home/isanchez/.m2/repository/com/gigaspaces/gs-openspaces/9.7.0-10496-RELEASE/gs-openspaces-9.7.0-10496-RELEASE.jar
7f1b1fedf000-7f1b1fef0000 r--s 000f6000 08:01 555374                     /home/isanchez/.m2/repository/com/fasterxml/jackson/core/jackson-databind/2.4.0/jackson-databind-2.4.0.jar
7f1b1fef0000-7f1b20000000 r--s 00aca000 08:01 555409                     /home/isanchez/.m2/repository/com/amazonaws/aws-java-sdk/1.7.9/aws-java-sdk-1.7.9.jar
7f1b20000000-7f1b2003a000 rw-p 00000000 00:00 0 
7f1b2003a000-7f1b24000000 ---p 00000000 00:00 0 
7f1b24000000-7f1b24003000 r--s 00018000 08:01 554843                     /home/isanchez/.m2/repository/commons-io/commons-io/1.4/commons-io-1.4.jar
7f1b24003000-7f1b24007000 r--s 00014000 08:01 562650                     /home/isanchez/.m2/repository/com/yazino/bi-api/2.7.22-SNAPSHOT/bi-api-2.7.22-SNAPSHOT.jar
7f1b24007000-7f1b2400b000 r--s 00034000 08:01 555373                     /home/isanchez/.m2/repository/com/fasterxml/jackson/core/jackson-core/2.4.0/jackson-core-2.4.0.jar
7f1b2400b000-7f1b2400e000 r--s 00007000 08:01 555375                     /home/isanchez/.m2/repository/com/fasterxml/jackson/core/jackson-annotations/2.4.0/jackson-annotations-2.4.0.jar
7f1b2400e000-7f1b24015000 r--s 00051000 08:01 554996                     /home/isanchez/.m2/repository/commons-configuration/commons-configuration/1.9/commons-configuration-1.9.jar
7f1b24015000-7f1b24016000 ---p 00000000 00:00 0 
7f1b24016000-7f1b24116000 rw-p 00000000 00:00 0                          [stack:7041]
7f1b24116000-7f1b24119000 ---p 00000000 00:00 0 
7f1b24119000-7f1b24217000 rw-p 00000000 00:00 0                          [stack:7040]
7f1b24217000-7f1b2421a000 ---p 00000000 00:00 0 
7f1b2421a000-7f1b24318000 rw-p 00000000 00:00 0                          [stack:7039]
7f1b24318000-7f1b2431b000 ---p 00000000 00:00 0 
7f1b2431b000-7f1b24419000 rw-p 00000000 00:00 0                          [stack:7038]
7f1b24419000-7f1b2441c000 ---p 00000000 00:00 0 
7f1b2441c000-7f1b2451a000 rw-p 00000000 00:00 0                          [stack:7037]
7f1b2451a000-7f1b24bfc000 r--p 00000000 08:01 139051                     /usr/lib/locale/locale-archive
7f1b24bfc000-7f1b24bff000 ---p 00000000 00:00 0 
7f1b24bff000-7f1b24cfd000 rw-p 00000000 00:00 0                          [stack:7036]
7f1b24cfd000-7f1b24d00000 ---p 00000000 00:00 0 
7f1b24d00000-7f1b24dfe000 rw-p 00000000 00:00 0                          [stack:7035]
7f1b24dfe000-7f1b24dff000 ---p 00000000 00:00 0 
7f1b24dff000-7f1b25000000 rw-p 00000000 00:00 0                          [stack:7034]
7f1b25000000-7f1b253e0000 rwxp 00000000 00:00 0 
7f1b253e0000-7f1b29465000 rw-p 00000000 00:00 0 
7f1b29465000-7f1b2c000000 ---p 00000000 00:00 0 
7f1b2c000000-7f1b2c002000 r--s 00003000 08:01 553958                     /home/isanchez/.m2/repository/org/slf4j/jcl-over-slf4j/1.7.7/jcl-over-slf4j-1.7.7.jar
7f1b2c002000-7f1b2c004000 r--s 0000b000 08:01 557048                     /home/isanchez/.m2/repository/com/fasterxml/jackson/datatype/jackson-datatype-joda/2.4.0/jackson-datatype-joda-2.4.0.jar
7f1b2c004000-7f1b2c006000 r--s 00001000 08:01 555079                     /home/isanchez/.m2/repository/com/yazino/configuration/1.0.1/configuration-1.0.1.jar
7f1b2c006000-7f1b2c008000 r--s 0000e000 08:01 555414                     /home/isanchez/.m2/repository/javax/activation/activation/1.1/activation-1.1.jar
7f1b2c008000-7f1b2c00e000 r--s 00059000 08:01 559201                     /home/isanchez/.m2/repository/javax/mail/mail/1.4/mail-1.4.jar
7f1b2c00e000-7f1b2c012000 r--s 0001c000 08:01 651788                     /home/isanchez/.m2/repository/org/springframework/spring-context-support/3.2.9.RELEASE/spring-context-support-3.2.9.RELEASE.jar
7f1b2c012000-7f1b2c019000 r--s 00065000 08:01 555397                     /home/isanchez/.m2/repository/dnsjava/dnsjava/2.1.1/dnsjava-2.1.1.jar
7f1b2c019000-7f1b2c01b000 r--s 00005000 08:01 554830                     /home/isanchez/.m2/repository/sslext/sslext/1.2-0/sslext-1.2-0.jar
7f1b2c01b000-7f1b2c01d000 r--s 0000e000 08:01 553490                     /home/isanchez/.m2/repository/oro/oro/2.0.8/oro-2.0.8.jar
7f1b2c01d000-7f1b2c020000 r--s 0001f000 08:01 554810                     /home/isanchez/.m2/repository/commons-validator/commons-validator/1.3.1/commons-validator-1.3.1.jar
7f1b2c020000-7f1b2c022000 r--s 00014000 08:01 554827                     /home/isanchez/.m2/repository/commons-chain/commons-chain/1.1/commons-chain-1.1.jar
7f1b2c022000-7f1b2c026000 r--s 00020000 08:01 555393                     /home/isanchez/.m2/repository/commons-digester/commons-digester/1.8/commons-digester-1.8.jar
7f1b2c026000-7f1b2c02b000 r--s 0002a000 08:01 553510                     /home/isanchez/.m2/repository/commons-beanutils/commons-beanutils/1.7.0/commons-beanutils-1.7.0.jar
7f1b2c02b000-7f1b2c031000 r--s 0004f000 08:01 554824                     /home/isanchez/.m2/repository/org/apache/velocity/velocity-tools/2.0/velocity-tools-2.0.jar
7f1b2c031000-7f1b2c036000 r--s 00041000 08:01 522636                     /home/isanchez/.m2/repository/commons-lang/commons-lang/2.6/commons-lang-2.6.jar
7f1b2c036000-7f1b2c043000 r--s 0007f000 08:01 553491                     /home/isanchez/.m2/repository/commons-collections/commons-collections/3.2/commons-collections-3.2.jar
7f1b2c043000-7f1b2ce9c000 rw-p 00000000 00:00 0 
7f1b2ce9c000-7f1b2d05c000 r--s 039fb000 08:01 214879                     /usr/lib/jvm/java-7-oracle/jre/lib/rt.jar
7f1b2d05c000-7f1b2dc66000 rw-p 00000000 00:00 0 
7f1b2dc66000-7f1b2dc67000 ---p 00000000 00:00 0 
7f1b2dc67000-7f1b2dd67000 rw-p 00000000 00:00 0                          [stack:7033]
7f1b2dd67000-7f1b2dd68000 ---p 00000000 00:00 0 
7f1b2dd68000-7f1b2de68000 rw-p 00000000 00:00 0                          [stack:7032]
7f1b2de68000-7f1b2de69000 ---p 00000000 00:00 0 
7f1b2de69000-7f1b2df69000 rw-p 00000000 00:00 0                          [stack:7031]
7f1b2df69000-7f1b2df6a000 ---p 00000000 00:00 0 
7f1b2df6a000-7f1b2e084000 rw-p 00000000 00:00 0                          [stack:7030]
7f1b2e084000-7f1b2e093000 rw-p 00000000 00:00 0 
7f1b2e093000-7f1b2e0b2000 rw-p 00000000 00:00 0 
7f1b2e0b2000-7f1b2e0e9000 rw-p 00000000 00:00 0 
7f1b2e0e9000-7f1b2e103000 rw-p 00000000 00:00 0 
7f1b2e103000-7f1b2e112000 rw-p 00000000 00:00 0 
7f1b2e112000-7f1b2e131000 rw-p 00000000 00:00 0 
7f1b2e131000-7f1b2e167000 rw-p 00000000 00:00 0 
7f1b2e167000-7f1b2e192000 rw-p 00000000 00:00 0 
7f1b2e192000-7f1b2e193000 rw-p 00000000 00:00 0 
7f1b2e193000-7f1b2e1aa000 r-xp 00000000 08:01 214830                     /usr/lib/jvm/java-7-oracle/jre/lib/amd64/libzip.so
7f1b2e1aa000-7f1b2e3aa000 ---p 00017000 08:01 214830                     /usr/lib/jvm/java-7-oracle/jre/lib/amd64/libzip.so
7f1b2e3aa000-7f1b2e3ab000 rw-p 00017000 08:01 214830                     /usr/lib/jvm/java-7-oracle/jre/lib/amd64/libzip.so
7f1b2e3ab000-7f1b2e3b6000 r-xp 00000000 08:01 34525                      /lib/x86_64-linux-gnu/libnss_files-2.19.so
7f1b2e3b6000-7f1b2e5b5000 ---p 0000b000 08:01 34525                      /lib/x86_64-linux-gnu/libnss_files-2.19.so
7f1b2e5b5000-7f1b2e5b6000 r--p 0000a000 08:01 34525                      /lib/x86_64-linux-gnu/libnss_files-2.19.so
7f1b2e5b6000-7f1b2e5b7000 rw-p 0000b000 08:01 34525                      /lib/x86_64-linux-gnu/libnss_files-2.19.so
7f1b2e5b7000-7f1b2e5c2000 r-xp 00000000 08:01 35282                      /lib/x86_64-linux-gnu/libnss_nis-2.19.so
7f1b2e5c2000-7f1b2e7c1000 ---p 0000b000 08:01 35282                      /lib/x86_64-linux-gnu/libnss_nis-2.19.so
7f1b2e7c1000-7f1b2e7c2000 r--p 0000a000 08:01 35282                      /lib/x86_64-linux-gnu/libnss_nis-2.19.so
7f1b2e7c2000-7f1b2e7c3000 rw-p 0000b000 08:01 35282                      /lib/x86_64-linux-gnu/libnss_nis-2.19.so
7f1b2e7c3000-7f1b2e7da000 r-xp 00000000 08:01 34716                      /lib/x86_64-linux-gnu/libnsl-2.19.so
7f1b2e7da000-7f1b2e9d9000 ---p 00017000 08:01 34716                      /lib/x86_64-linux-gnu/libnsl-2.19.so
7f1b2e9d9000-7f1b2e9da000 r--p 00016000 08:01 34716                      /lib/x86_64-linux-gnu/libnsl-2.19.so
7f1b2e9da000-7f1b2e9db000 rw-p 00017000 08:01 34716                      /lib/x86_64-linux-gnu/libnsl-2.19.so
7f1b2e9db000-7f1b2e9dd000 rw-p 00000000 00:00 0 
7f1b2e9dd000-7f1b2e9e6000 r-xp 00000000 08:01 34715                      /lib/x86_64-linux-gnu/libnss_compat-2.19.so
7f1b2e9e6000-7f1b2ebe5000 ---p 00009000 08:01 34715                      /lib/x86_64-linux-gnu/libnss_compat-2.19.so
7f1b2ebe5000-7f1b2ebe6000 r--p 00008000 08:01 34715                      /lib/x86_64-linux-gnu/libnss_compat-2.19.so
7f1b2ebe6000-7f1b2ebe7000 rw-p 00009000 08:01 34715                      /lib/x86_64-linux-gnu/libnss_compat-2.19.so
7f1b2ebe7000-7f1b2ec10000 r-xp 00000000 08:01 214859                     /usr/lib/jvm/java-7-oracle/jre/lib/amd64/libjava.so
7f1b2ec10000-7f1b2ee10000 ---p 00029000 08:01 214859                     /usr/lib/jvm/java-7-oracle/jre/lib/amd64/libjava.so
7f1b2ee10000-7f1b2ee12000 rw-p 00029000 08:01 214859                     /usr/lib/jvm/java-7-oracle/jre/lib/amd64/libjava.so
7f1b2ee12000-7f1b2ee1f000 r-xp 00000000 08:01 214833                     /usr/lib/jvm/java-7-oracle/jre/lib/amd64/libverify.so
7f1b2ee1f000-7f1b2f01e000 ---p 0000d000 08:01 214833                     /usr/lib/jvm/java-7-oracle/jre/lib/amd64/libverify.so
7f1b2f01e000-7f1b2f020000 rw-p 0000c000 08:01 214833                     /usr/lib/jvm/java-7-oracle/jre/lib/amd64/libverify.so
7f1b2f020000-7f1b2f027000 r-xp 00000000 08:01 34981                      /lib/x86_64-linux-gnu/librt-2.19.so
7f1b2f027000-7f1b2f226000 ---p 00007000 08:01 34981                      /lib/x86_64-linux-gnu/librt-2.19.so
7f1b2f226000-7f1b2f227000 r--p 00006000 08:01 34981                      /lib/x86_64-linux-gnu/librt-2.19.so
7f1b2f227000-7f1b2f228000 rw-p 00007000 08:01 34981                      /lib/x86_64-linux-gnu/librt-2.19.so
7f1b2f228000-7f1b2f32d000 r-xp 00000000 08:01 34524                      /lib/x86_64-linux-gnu/libm-2.19.so
7f1b2f32d000-7f1b2f52c000 ---p 00105000 08:01 34524                      /lib/x86_64-linux-gnu/libm-2.19.so
7f1b2f52c000-7f1b2f52d000 r--p 00104000 08:01 34524                      /lib/x86_64-linux-gnu/libm-2.19.so
7f1b2f52d000-7f1b2f52e000 rw-p 00105000 08:01 34524                      /lib/x86_64-linux-gnu/libm-2.19.so
7f1b2f52e000-7f1b300a4000 r-xp 00000000 08:01 214823                     /usr/lib/jvm/java-7-oracle/jre/lib/amd64/server/libjvm.so
7f1b300a4000-7f1b302a3000 ---p 00b76000 08:01 214823                     /usr/lib/jvm/java-7-oracle/jre/lib/amd64/server/libjvm.so
7f1b302a3000-7f1b30367000 rw-p 00b75000 08:01 214823                     /usr/lib/jvm/java-7-oracle/jre/lib/amd64/server/libjvm.so
7f1b30367000-7f1b303a8000 rw-p 00000000 00:00 0 
7f1b303a8000-7f1b30563000 r-xp 00000000 08:01 34977                      /lib/x86_64-linux-gnu/libc-2.19.so
7f1b30563000-7f1b30762000 ---p 001bb000 08:01 34977                      /lib/x86_64-linux-gnu/libc-2.19.so
7f1b30762000-7f1b30766000 r--p 001ba000 08:01 34977                      /lib/x86_64-linux-gnu/libc-2.19.so
7f1b30766000-7f1b30768000 rw-p 001be000 08:01 34977                      /lib/x86_64-linux-gnu/libc-2.19.so
7f1b30768000-7f1b3076d000 rw-p 00000000 00:00 0 
7f1b3076d000-7f1b30770000 r-xp 00000000 08:01 34610                      /lib/x86_64-linux-gnu/libdl-2.19.so
7f1b30770000-7f1b3096f000 ---p 00003000 08:01 34610                      /lib/x86_64-linux-gnu/libdl-2.19.so
7f1b3096f000-7f1b30970000 r--p 00002000 08:01 34610                      /lib/x86_64-linux-gnu/libdl-2.19.so
7f1b30970000-7f1b30971000 rw-p 00003000 08:01 34610                      /lib/x86_64-linux-gnu/libdl-2.19.so
7f1b30971000-7f1b30986000 r-xp 00000000 08:01 214811                     /usr/lib/jvm/java-7-oracle/jre/lib/amd64/jli/libjli.so
7f1b30986000-7f1b30b85000 ---p 00015000 08:01 214811                     /usr/lib/jvm/java-7-oracle/jre/lib/amd64/jli/libjli.so
7f1b30b85000-7f1b30b86000 rw-p 00014000 08:01 214811                     /usr/lib/jvm/java-7-oracle/jre/lib/amd64/jli/libjli.so
7f1b30b86000-7f1b30b9f000 r-xp 00000000 08:01 34978                      /lib/x86_64-linux-gnu/libpthread-2.19.so
7f1b30b9f000-7f1b30d9e000 ---p 00019000 08:01 34978                      /lib/x86_64-linux-gnu/libpthread-2.19.so
7f1b30d9e000-7f1b30d9f000 r--p 00018000 08:01 34978                      /lib/x86_64-linux-gnu/libpthread-2.19.so
7f1b30d9f000-7f1b30da0000 rw-p 00019000 08:01 34978                      /lib/x86_64-linux-gnu/libpthread-2.19.so
7f1b30da0000-7f1b30da4000 rw-p 00000000 00:00 0 
7f1b30da4000-7f1b30dc7000 r-xp 00000000 08:01 34746                      /lib/x86_64-linux-gnu/ld-2.19.so
7f1b30dc7000-7f1b30dc8000 r--s 00004000 08:01 556641                     /home/isanchez/.m2/repository/net/sf/opencsv/opencsv/2.3/opencsv-2.3.jar
7f1b30dc8000-7f1b30dd0000 r--s 00066000 08:01 555389                     /home/isanchez/.m2/repository/org/apache/velocity/velocity/1.7/velocity-1.7.jar
7f1b30dd0000-7f1b30dd2000 r--s 00006000 08:01 555503                     /home/isanchez/.m2/repository/com/yazino/email-services/1.3.2/email-services-1.3.2.jar
7f1b30dd2000-7f1b30dda000 r--s 00078000 08:01 650561                     /home/isanchez/.m2/repository/org/apache/felix/org.apache.felix.framework/4.4.0/org.apache.felix.framework-4.4.0.jar
7f1b30dda000-7f1b30ddd000 r--s 0000f000 08:01 650565                     /home/isanchez/.m2/repository/com/yazino/game-api/2.0.1/game-api-2.0.1.jar
7f1b30ddd000-7f1b30de7000 r--s 00058000 08:01 650754                     /home/isanchez/.m2/repository/com/yazino/platform-api/2.42.2-SNAPSHOT/platform-api-2.42.2-SNAPSHOT.jar
7f1b30de7000-7f1b30deb000 r--s 00020000 08:01 554364                     /home/isanchez/.m2/repository/org/apache/maven/surefire/surefire-api/2.17/surefire-api-2.17.jar
7f1b30deb000-7f1b30dfb000 rw-p 00000000 00:00 0 
7f1b30dfb000-7f1b30eab000 rw-p 00000000 00:00 0 
7f1b30eab000-7f1b30eae000 ---p 00000000 00:00 0 
7f1b30eae000-7f1b30fb0000 rw-p 00000000 00:00 0                          [stack:7029]
7f1b30fb0000-7f1b30fb2000 r--s 00008000 08:01 554362                     /home/isanchez/.m2/repository/org/apache/maven/surefire/surefire-booter/2.17/surefire-booter-2.17.jar
7f1b30fb2000-7f1b30fb3000 r--s 00002000 08:01 566165                     /home/isanchez/Projects/bi/bi-worker/target/surefire/surefirebooter6700260056694558084.jar
7f1b30fb3000-7f1b30fba000 rw-p 00000000 00:00 0 
7f1b30fba000-7f1b30fc2000 rw-s 00000000 08:01 566166                     /tmp/hsperfdata_isanchez/7026
7f1b30fc2000-7f1b30fc3000 rw-p 00000000 00:00 0 
7f1b30fc3000-7f1b30fc4000 ---p 00000000 00:00 0 
7f1b30fc4000-7f1b30fc6000 rw-p 00000000 00:00 0 
7f1b30fc6000-7f1b30fc7000 r--p 00022000 08:01 34746                      /lib/x86_64-linux-gnu/ld-2.19.so
7f1b30fc7000-7f1b30fc8000 rw-p 00023000 08:01 34746                      /lib/x86_64-linux-gnu/ld-2.19.so
7f1b30fc8000-7f1b30fc9000 rw-p 00000000 00:00 0 
7ffc9fa50000-7ffc9fa71000 rw-p 00000000 00:00 0                          [stack]
7ffc9fa81000-7ffc9fa83000 r-xp 00000000 00:00 0                          [vdso]
7ffc9fa83000-7ffc9fa85000 r--p 00000000 00:00 0                          [vvar]
ffffffffff600000-ffffffffff601000 r-xp 00000000 00:00 0                  [vsyscall]

VM Arguments:
jvm_args: -Xmx256m 
java_command: /home/isanchez/Projects/bi/bi-worker/target/surefire/surefirebooter6700260056694558084.jar /home/isanchez/Projects/bi/bi-worker/target/surefire/surefire1952431883100431196tmp /home/isanchez/Projects/bi/bi-worker/target/surefire/surefire_1343309054510476055tmp
Launcher Type: SUN_STANDARD

Environment Variables:
JAVA_HOME=/usr/lib/jvm/java-7-oracle/jre
PATH=/usr/local/sbin:/usr/local/bin:/usr/sbin:/usr/bin:/sbin:/bin:/usr/games:/usr/local/games
SHELL=/bin/bash
DISPLAY=:0

Signal Handlers:
SIGSEGV: [libjvm.so+0x9a3b20], sa_mask[0]=0x7ffbfeff, sa_flags=0x10000004
SIGBUS: [libjvm.so+0x9a3b20], sa_mask[0]=0x7ffbfeff, sa_flags=0x10000004
SIGFPE: [libjvm.so+0x81e740], sa_mask[0]=0x7ffbfeff, sa_flags=0x10000004
SIGPIPE: [libjvm.so+0x81e740], sa_mask[0]=0x7ffbfeff, sa_flags=0x10000004
SIGXFSZ: [libjvm.so+0x81e740], sa_mask[0]=0x7ffbfeff, sa_flags=0x10000004
SIGILL: [libjvm.so+0x81e740], sa_mask[0]=0x7ffbfeff, sa_flags=0x10000004
SIGUSR1: SIG_DFL, sa_mask[0]=0x00000000, sa_flags=0x00000000
SIGUSR2: [libjvm.so+0x81ffb0], sa_mask[0]=0x00000004, sa_flags=0x10000004
SIGHUP: [libjvm.so+0x8210d0], sa_mask[0]=0x7ffbfeff, sa_flags=0x10000004
SIGINT: [libjvm.so+0x8210d0], sa_mask[0]=0x7ffbfeff, sa_flags=0x10000004
SIGTERM: [libjvm.so+0x8210d0], sa_mask[0]=0x7ffbfeff, sa_flags=0x10000004
SIGQUIT: [libjvm.so+0x8210d0], sa_mask[0]=0x7ffbfeff, sa_flags=0x10000004


---------------  S Y S T E M  ---------------

OS:jessie/sid

uname:Linux 3.16.0-38-generic #52~14.04.1-Ubuntu SMP Fri May 8 09:43:57 UTC 2015 x86_64
libc:glibc 2.19 NPTL 2.19 
rlimit: STACK 8192k, CORE 0k, NPROC 15727, NOFILE 4096, AS infinity
load average:4.67 2.28 1.51

/proc/meminfo:
MemTotal:        4047760 kB
MemFree:           93168 kB
MemAvailable:      36188 kB
Buffers:             256 kB
Cached:            52024 kB
SwapCached:            0 kB
Active:          3772284 kB
Inactive:          31128 kB
Active(anon):    3762804 kB
Inactive(anon):    21724 kB
Active(file):       9480 kB
Inactive(file):     9404 kB
Unevictable:           0 kB
Mlocked:               0 kB
SwapTotal:             0 kB
SwapFree:              0 kB
Dirty:                84 kB
Writeback:             0 kB
AnonPages:       3751532 kB
Mapped:            45172 kB
Shmem:             33000 kB
Slab:              64080 kB
SReclaimable:      36084 kB
SUnreclaim:        27996 kB
KernelStack:       11664 kB
PageTables:        36712 kB
NFS_Unstable:          0 kB
Bounce:                0 kB
WritebackTmp:          0 kB
CommitLimit:     2023880 kB
Committed_AS:    7231280 kB
VmallocTotal:   34359738367 kB
VmallocUsed:       57056 kB
VmallocChunk:   34359676944 kB
HardwareCorrupted:     0 kB
AnonHugePages:   1947648 kB
HugePages_Total:       0
HugePages_Free:        0
HugePages_Rsvd:        0
HugePages_Surp:        0
Hugepagesize:       2048 kB
DirectMap4k:       53184 kB
DirectMap2M:     4141056 kB


CPU:total 4 (4 cores per cpu, 1 threads per core) family 6 model 58 stepping 9, cmov, cx8, fxsr, mmx, sse, sse2, sse3, ssse3, tsc

/proc/cpuinfo:
processor	: 0
vendor_id	: GenuineIntel
cpu family	: 6
model		: 58
model name	: Intel(R) Core(TM) i7-3667U CPU @ 2.00GHz
stepping	: 9
microcode	: 0x19
cpu MHz		: 2500.373
cache size	: 6144 KB
physical id	: 0
siblings	: 4
core id		: 0
cpu cores	: 4
apicid		: 0
initial apicid	: 0
fpu		: yes
fpu_exception	: yes
cpuid level	: 5
wp		: yes
flags		: fpu vme de pse tsc msr pae mce cx8 apic sep mtrr pge mca cmov pat pse36 clflush mmx fxsr sse sse2 ht syscall nx rdtscp lm constant_tsc rep_good nopl pni ssse3 lahf_lm
bogomips	: 5000.74
clflush size	: 64
cache_alignment	: 64
address sizes	: 36 bits physical, 48 bits virtual
power management:

processor	: 1
vendor_id	: GenuineIntel
cpu family	: 6
model		: 58
model name	: Intel(R) Core(TM) i7-3667U CPU @ 2.00GHz
stepping	: 9
microcode	: 0x19
cpu MHz		: 2500.373
cache size	: 6144 KB
physical id	: 0
siblings	: 4
core id		: 1
cpu cores	: 4
apicid		: 1
initial apicid	: 1
fpu		: yes
fpu_exception	: yes
cpuid level	: 5
wp		: yes
flags		: fpu vme de pse tsc msr pae mce cx8 apic sep mtrr pge mca cmov pat pse36 clflush mmx fxsr sse sse2 ht syscall nx rdtscp lm constant_tsc rep_good nopl pni ssse3 lahf_lm
bogomips	: 5000.74
clflush size	: 64
cache_alignment	: 64
address sizes	: 36 bits physical, 48 bits virtual
power management:

processor	: 2
vendor_id	: GenuineIntel
cpu family	: 6
model		: 58
model name	: Intel(R) Core(TM) i7-3667U CPU @ 2.00GHz
stepping	: 9
microcode	: 0x19
cpu MHz		: 2500.373
cache size	: 6144 KB
physical id	: 0
siblings	: 4
core id		: 2
cpu cores	: 4
apicid		: 2
initial apicid	: 2
fpu		: yes
fpu_exception	: yes
cpuid level	: 5
wp		: yes
flags		: fpu vme de pse tsc msr pae mce cx8 apic sep mtrr pge mca cmov pat pse36 clflush mmx fxsr sse sse2 ht syscall nx rdtscp lm constant_tsc rep_good nopl pni ssse3 lahf_lm
bogomips	: 5000.74
clflush size	: 64
cache_alignment	: 64
address sizes	: 36 bits physical, 48 bits virtual
power management:

processor	: 3
vendor_id	: GenuineIntel
cpu family	: 6
model		: 58
model name	: Intel(R) Core(TM) i7-3667U CPU @ 2.00GHz
stepping	: 9
microcode	: 0x19
cpu MHz		: 2500.373
cache size	: 6144 KB
physical id	: 0
siblings	: 4
core id		: 3
cpu cores	: 4
apicid		: 3
initial apicid	: 3
fpu		: yes
fpu_exception	: yes
cpuid level	: 5
wp		: yes
flags		: fpu vme de pse tsc msr pae mce cx8 apic sep mtrr pge mca cmov pat pse36 clflush mmx fxsr sse sse2 ht syscall nx rdtscp lm constant_tsc rep_good nopl pni ssse3 lahf_lm
bogomips	: 5000.74
clflush size	: 64
cache_alignment	: 64
address sizes	: 36 bits physical, 48 bits virtual
power management:



Memory: 4k page, physical 4047760k(93316k free), swap 0k(0k free)

vm_info: Java HotSpot(TM) 64-Bit Server VM (24.80-b11) for linux-amd64 JRE (1.7.0_80-b15), built on Apr 10 2015 19:53:14 by "java_re" with gcc 4.3.0 20080428 (Red Hat 4.3.0-8)

time: Mon May 25 13:49:43 2015
elapsed time: 41 seconds

